22:16:54: Creating resource group General
22:16:54: Creating resource group Internal
22:16:54: Creating resource group Autodetect
22:16:54: Registering ResourceManager for type Mesh
22:16:54: Registering ResourceManager for type Material
22:16:54: Registering ResourceManager for type Skeleton
22:16:54: XMLMeshSerializer reading mesh data from D:\ogre\OgreSDK_vc10_v1-8-1\work\Thebeging\SceneEditor\bin\media\packs\SECore\grid.mesh.xml...
22:16:54: Reading submeshes...
22:16:54: Reading geometry...
22:16:54: Geometry done...
22:16:54: Submeshes done.
22:16:54: Reading mesh names...
22:16:54: Mesh names done.
22:16:54: XMLMeshSerializer import successful.
22:16:54: Reorganising vertex buffers to automatic layout..
22:16:54: MeshSerializer writing mesh data to stream ...
22:16:54: File header written.
22:16:54: Writing mesh data...
22:16:54: Writing submesh...
22:16:54: Exporting submesh texture aliases...
22:16:54: Submesh texture aliases exported.
22:16:54: Submesh exported.
22:16:54: Exporting bounds information....
22:16:54: Bounds information exported.
22:16:54: Exporting submesh name table...
22:16:54: Submesh name table exported.
22:16:54: Exporting edge lists...
22:16:54: Edge lists exported
22:16:54: Mesh data exported.
22:16:54: MeshSerializer export successful.
22:16:54: Unregistering ResourceManager for type Skeleton
22:16:54: Unregistering ResourceManager for type Material
22:16:54: Unregistering ResourceManager for type Mesh
