21:12:13: Creating resource group General
21:12:13: Creating resource group Internal
21:12:13: Creating resource group Autodetect
21:12:13: SceneManagerFactory for type 'DefaultSceneManager' registered.
21:12:13: Registering ResourceManager for type Material
21:12:13: Registering ResourceManager for type Mesh
21:12:13: Registering ResourceManager for type Skeleton
21:12:13: MovableObjectFactory for type 'ParticleSystem' registered.
21:12:13: OverlayElementFactory for type Panel registered.
21:12:13: OverlayElementFactory for type BorderPanel registered.
21:12:13: OverlayElementFactory for type TextArea registered.
21:12:13: Registering ResourceManager for type Font
21:12:13: ArchiveFactory for archive type FileSystem registered.
21:12:13: ArchiveFactory for archive type Zip registered.
21:12:13: ArchiveFactory for archive type EmbeddedZip registered.
21:12:13: DDS codec registering
21:12:13: FreeImage version: 3.15.3
21:12:13: This program uses FreeImage, a free, open source image library supporting all common bitmap formats. See http://freeimage.sourceforge.net for details
21:12:13: Supported formats: bmp,ico,jpg,jif,jpeg,jpe,jng,koa,iff,lbm,mng,pbm,pbm,pcd,pcx,pgm,pgm,png,ppm,ppm,ras,tga,targa,tif,tiff,wap,wbmp,wbm,psd,cut,xbm,xpm,gif,hdr,g3,sgi,exr,j2k,j2c,jp2,pfm,pct,pict,pic,3fr,arw,bay,bmq,cap,cine,cr2,crw,cs1,dc2,dcr,drf,dsc,dng,erf,fff,ia,iiq,k25,kc2,kdc,mdc,mef,mos,mrw,nef,nrw,orf,pef,ptx,pxn,qtk,raf,raw,rdc,rw2,rwl,rwz,sr2,srf,srw,sti
21:12:13: Registering ResourceManager for type HighLevelGpuProgram
21:12:13: Registering ResourceManager for type Compositor
21:12:13: MovableObjectFactory for type 'Entity' registered.
21:12:13: MovableObjectFactory for type 'Light' registered.
21:12:13: MovableObjectFactory for type 'BillboardSet' registered.
21:12:13: MovableObjectFactory for type 'ManualObject' registered.
21:12:13: MovableObjectFactory for type 'BillboardChain' registered.
21:12:13: MovableObjectFactory for type 'RibbonTrail' registered.
21:12:13: Loading library .\RenderSystem_Direct3D9
21:12:13: Installing plugin: D3D9 RenderSystem
21:12:13: D3D9 : Direct3D9 Rendering Subsystem created.
21:12:14: D3D9: Driver Detection Starts
21:12:14: D3D9: Driver Detection Ends
21:12:14: Plugin successfully installed
21:12:14: Loading library .\Plugin_ParticleFX
21:12:14: Installing plugin: ParticleFX
21:12:14: Particle Emitter Type 'Point' registered
21:12:14: Particle Emitter Type 'Box' registered
21:12:14: Particle Emitter Type 'Ellipsoid' registered
21:12:14: Particle Emitter Type 'Cylinder' registered
21:12:14: Particle Emitter Type 'Ring' registered
21:12:14: Particle Emitter Type 'HollowEllipsoid' registered
21:12:14: Particle Affector Type 'LinearForce' registered
21:12:14: Particle Affector Type 'ColourFader' registered
21:12:14: Particle Affector Type 'ColourFader2' registered
21:12:14: Particle Affector Type 'ColourImage' registered
21:12:14: Particle Affector Type 'ColourInterpolator' registered
21:12:14: Particle Affector Type 'Scaler' registered
21:12:14: Particle Affector Type 'Rotator' registered
21:12:14: Particle Affector Type 'DirectionRandomiser' registered
21:12:14: Particle Affector Type 'DeflectorPlane' registered
21:12:14: Plugin successfully installed
21:12:14: Loading library .\Plugin_BSPSceneManager
21:12:14: Installing plugin: BSP Scene Manager
21:12:14: Plugin successfully installed
21:12:14: Loading library .\Plugin_CgProgramManager
21:12:14: Installing plugin: Cg Program Manager
21:12:14: Plugin successfully installed
21:12:14: Loading library .\ParticleUniverse
21:12:14: Installing plugin: ParticleUniverse
21:12:14: MovableObjectFactory for type 'PUParticleSystem' registered.
21:12:14: MovableObjectFactory for type 'BoxSet' registered.
21:12:14: MovableObjectFactory for type 'SphereSet' registered.
21:12:14: ParticleUniverse: Particle Renderer Type 'Beam' registered
21:12:14: ParticleUniverse: Particle Renderer Type 'Billboard' registered
21:12:14: ParticleUniverse: Particle Renderer Type 'Box' registered
21:12:14: ParticleUniverse: Particle Renderer Type 'Sphere' registered
21:12:14: ParticleUniverse: Particle Renderer Type 'Entity' registered
21:12:14: ParticleUniverse: Particle Renderer Type 'RibbonTrail' registered
21:12:14: ParticleUniverse: Particle Renderer Type 'Light' registered
21:12:14: ParticleUniverse: Particle Emitter Type 'Point' registered
21:12:14: ParticleUniverse: Particle Emitter Type 'Line' registered
21:12:14: ParticleUniverse: Particle Emitter Type 'Box' registered
21:12:14: ParticleUniverse: Particle Emitter Type 'Circle' registered
21:12:14: ParticleUniverse: Particle Emitter Type 'SphereSurface' registered
21:12:14: ParticleUniverse: Particle Emitter Type 'Vertex' registered
21:12:14: ParticleUniverse: Particle Emitter Type 'MeshSurface' registered
21:12:14: ParticleUniverse: Particle Emitter Type 'Position' registered
21:12:14: ParticleUniverse: Particle Emitter Type 'Slave' registered
21:12:14: ParticleUniverse: Particle Affector Type 'Dummy01' registered
21:12:14: ParticleUniverse: Particle Affector Type 'LinearForce' registered
21:12:14: ParticleUniverse: Particle Affector Type 'Gravity' registered
21:12:14: ParticleUniverse: Particle Affector Type 'ParticleFollower' registered
21:12:14: ParticleUniverse: Particle Affector Type 'Vortex' registered
21:12:14: ParticleUniverse: Particle Affector Type 'Randomiser' registered
21:12:14: ParticleUniverse: Particle Affector Type 'Line' registered
21:12:14: ParticleUniverse: Particle Affector Type 'Scale' registered
21:12:14: ParticleUniverse: Particle Affector Type 'ScaleVelocity' registered
21:12:14: ParticleUniverse: Particle Affector Type 'GeometryRotator' registered
21:12:14: ParticleUniverse: Particle Affector Type 'TextureRotator' registered
21:12:14: ParticleUniverse: Particle Affector Type 'TextureAnimator' registered
21:12:14: ParticleUniverse: Particle Affector Type 'Jet' registered
21:12:14: ParticleUniverse: Particle Affector Type 'Align' registered
21:12:14: ParticleUniverse: Particle Affector Type 'FlockCentering' registered
21:12:14: ParticleUniverse: Particle Affector Type 'CollisionAvoidance' registered
21:12:14: ParticleUniverse: Particle Affector Type 'VelocityMatching' registered
21:12:14: ParticleUniverse: Particle Affector Type 'Colour' registered
21:12:14: ParticleUniverse: Particle Affector Type 'SineForce' registered
21:12:14: ParticleUniverse: Particle Affector Type 'Dummy02' registered
21:12:14: ParticleUniverse: Particle Affector Type 'SphereCollider' registered
21:12:14: ParticleUniverse: Particle Affector Type 'PlaneCollider' registered
21:12:14: ParticleUniverse: Particle Affector Type 'BoxCollider' registered
21:12:14: ParticleUniverse: Particle Affector Type 'InterParticleCollider' registered
21:12:14: ParticleUniverse: Particle Affector Type 'PathFollower' registered
21:12:14: ParticleUniverse: Particle Affector Type 'ForceField' registered
21:12:14: ParticleUniverse: Particle Observer Type 'OnExpire' registered
21:12:14: ParticleUniverse: Particle Observer Type 'OnEmission' registered
21:12:14: ParticleUniverse: Particle Observer Type 'OnCount' registered
21:12:14: ParticleUniverse: Particle Observer Type 'OnEventFlag' registered
21:12:14: ParticleUniverse: Particle Observer Type 'OnCollision' registered
21:12:14: ParticleUniverse: Particle Observer Type 'OnVelocity' registered
21:12:14: ParticleUniverse: Particle Observer Type 'OnTime' registered
21:12:14: ParticleUniverse: Particle Observer Type 'OnPosition' registered
21:12:14: ParticleUniverse: Particle Observer Type 'OnClear' registered
21:12:14: ParticleUniverse: Particle Observer Type 'OnQuota' registered
21:12:14: ParticleUniverse: Particle Observer Type 'OnRandom' registered
21:12:14: ParticleUniverse: Particle EventHandler Type 'DoExpire' registered
21:12:14: ParticleUniverse: Particle EventHandler Type 'DoFreeze' registered
21:12:14: ParticleUniverse: Particle EventHandler Type 'DoPlacementParticle' registered
21:12:14: ParticleUniverse: Particle EventHandler Type 'DoStopSystem' registered
21:12:14: ParticleUniverse: Particle EventHandler Type 'DoEnableComponent' registered
21:12:14: ParticleUniverse: Particle EventHandler Type 'DoAffector' registered
21:12:14: ParticleUniverse: Particle EventHandler Type 'DoScale' registered
21:12:14: ParticleUniverse: Particle Extern Type 'Gravity' registered
21:12:14: ParticleUniverse: Particle Extern Type 'SphereCollider' registered
21:12:14: ParticleUniverse: Particle Extern Type 'BoxCollider' registered
21:12:14: ParticleUniverse: Particle Extern Type 'Vortex' registered
21:12:14: ParticleUniverse: Particle Extern Type 'SceneDecorator' registered
21:12:14: ParticleUniverse: Particle Behaviour Type 'Slave' registered
21:12:14: Plugin successfully installed
21:12:14: *-*-* OGRE Initialising
21:12:14: *-*-* Version 1.8.1 (Byatis)
21:12:14: D3D9 : RenderSystem Option: Allow NVPerfHUD = No
21:12:14: D3D9 : RenderSystem Option: FSAA = 0
21:12:14: D3D9 : RenderSystem Option: Fixed Pipeline Enabled = Yes
21:12:14: D3D9 : RenderSystem Option: Floating-point mode = Fastest
21:12:14: D3D9 : RenderSystem Option: Full Screen = No
21:12:14: D3D9 : RenderSystem Option: Multi device memory hint = Use minimum system memory
21:12:14: D3D9 : RenderSystem Option: Rendering Device = Monitor-1-NVIDIA GeForce GT 650M
21:12:14: D3D9 : RenderSystem Option: Resource Creation Policy = Create on all devices
21:12:14: D3D9 : RenderSystem Option: Use Multihead = Auto
21:12:14: D3D9 : RenderSystem Option: VSync = No
21:12:14: D3D9 : RenderSystem Option: VSync Interval = 1
21:12:14: D3D9 : RenderSystem Option: Video Mode = 800 x 600 @ 32-bit colour
21:12:14: D3D9 : RenderSystem Option: sRGB Gamma Conversion = No
21:12:14: D3D9 : RenderSystem Option: Rendering Device = Monitor-1-AMD Radeon HD 7640G + 6400M Dual Graphics
21:12:14: D3D9 : RenderSystem Option: Allow NVPerfHUD = No
21:12:14: D3D9 : RenderSystem Option: FSAA = 0
21:12:14: D3D9 : RenderSystem Option: Fixed Pipeline Enabled = Yes
21:12:14: D3D9 : RenderSystem Option: Floating-point mode = Fastest
21:12:14: D3D9 : RenderSystem Option: Full Screen = No
21:12:14: D3D9 : RenderSystem Option: Multi device memory hint = Use minimum system memory
21:12:14: D3D9 : RenderSystem Option: Rendering Device = Monitor-1-NVIDIA GeForce GT 650M
21:12:14: D3D9 : RenderSystem Option: Resource Creation Policy = Create on all devices
21:12:14: D3D9 : RenderSystem Option: Use Multihead = Auto
21:12:14: D3D9 : RenderSystem Option: VSync = No
21:12:14: D3D9 : RenderSystem Option: VSync Interval = 1
21:12:14: D3D9 : RenderSystem Option: Video Mode = 800 x 600 @ 32-bit colour
21:12:14: D3D9 : RenderSystem Option: sRGB Gamma Conversion = No
21:12:14: D3D9 : RenderSystem Option: Rendering Device = Monitor-1-AMD Radeon HD 7640G + 6400M Dual Graphics
21:12:18: CPU Identifier & Features
21:12:18: -------------------------
21:12:18:  *   CPU ID: AuthenticAMD: AMD A8-4500M APU with Radeon(tm) HD Graphics
21:12:18:  *      SSE: yes
21:12:18:  *     SSE2: yes
21:12:18:  *     SSE3: yes
21:12:18:  *      MMX: yes
21:12:18:  *   MMXEXT: yes
21:12:18:  *    3DNOW: no
21:12:18:  * 3DNOWEXT: no
21:12:18:  *     CMOV: yes
21:12:18:  *      TSC: yes
21:12:18:  *      FPU: yes
21:12:18:  *      PRO: yes
21:12:18:  *       HT: no
21:12:18: -------------------------
21:12:18: D3D9 : Subsystem Initialising
21:12:18: Registering ResourceManager for type Texture
21:12:18: Registering ResourceManager for type GpuProgram
21:12:18: ***************************************
21:12:18: *** D3D9 : Subsystem Initialised OK ***
21:12:18: ***************************************
21:12:18: D3D9RenderSystem::_createRenderWindow "OgreRenderWindow", 868x401 windowed  miscParams: externalWindowHandle=789240 
21:12:18: D3D9 : Created D3D9 Rendering Window 'OgreRenderWindow' : 868x401, 32bpp
21:12:18: D3D9 : WARNING - disabling VSync in windowed mode can cause timing issues at lower frame rates, turn VSync on if you observe this problem.
21:12:19: D3D9: Vertex texture format supported - PF_L8
21:12:19: D3D9: Vertex texture format supported - PF_L16
21:12:19: D3D9: Vertex texture format supported - PF_A8
21:12:19: D3D9: Vertex texture format supported - PF_A4L4
21:12:19: D3D9: Vertex texture format supported - PF_BYTE_LA
21:12:19: D3D9: Vertex texture format supported - PF_R5G6B5
21:12:19: D3D9: Vertex texture format supported - PF_B5G6R5
21:12:19: D3D9: Vertex texture format supported - PF_A4R4G4B4
21:12:19: D3D9: Vertex texture format supported - PF_A1R5G5B5
21:12:19: D3D9: Vertex texture format supported - PF_A8R8G8B8
21:12:19: D3D9: Vertex texture format supported - PF_B8G8R8A8
21:12:19: D3D9: Vertex texture format supported - PF_A2R10G10B10
21:12:19: D3D9: Vertex texture format supported - PF_A2B10G10R10
21:12:19: D3D9: Vertex texture format supported - PF_DXT1
21:12:19: D3D9: Vertex texture format supported - PF_DXT2
21:12:19: D3D9: Vertex texture format supported - PF_DXT3
21:12:19: D3D9: Vertex texture format supported - PF_DXT4
21:12:19: D3D9: Vertex texture format supported - PF_DXT5
21:12:19: D3D9: Vertex texture format supported - PF_FLOAT16_RGB
21:12:19: D3D9: Vertex texture format supported - PF_FLOAT16_RGBA
21:12:19: D3D9: Vertex texture format supported - PF_FLOAT32_RGB
21:12:19: D3D9: Vertex texture format supported - PF_FLOAT32_RGBA
21:12:19: D3D9: Vertex texture format supported - PF_X8R8G8B8
21:12:19: D3D9: Vertex texture format supported - PF_X8B8G8R8
21:12:19: D3D9: Vertex texture format supported - PF_R8G8B8A8
21:12:19: D3D9: Vertex texture format supported - PF_DEPTH
21:12:19: D3D9: Vertex texture format supported - PF_SHORT_RGBA
21:12:19: D3D9: Vertex texture format supported - PF_FLOAT16_R
21:12:19: D3D9: Vertex texture format supported - PF_FLOAT32_R
21:12:19: D3D9: Vertex texture format supported - PF_SHORT_GR
21:12:19: D3D9: Vertex texture format supported - PF_FLOAT16_GR
21:12:19: D3D9: Vertex texture format supported - PF_FLOAT32_GR
21:12:19: D3D9: Vertex texture format supported - PF_SHORT_RGB
21:12:19: D3D9: Vertex texture format supported - PF_PVRTC_RGB2
21:12:19: D3D9: Vertex texture format supported - PF_PVRTC_RGBA2
21:12:19: D3D9: Vertex texture format supported - PF_PVRTC_RGB4
21:12:19: D3D9: Vertex texture format supported - PF_PVRTC_RGBA4
21:12:19: D3D9: Vertex texture format supported - PF_R8
21:12:19: D3D9: Vertex texture format supported - PF_RG8
21:12:19: RenderSystem capabilities
21:12:19: -------------------------
21:12:19: RenderSystem Name: Direct3D9 Rendering Subsystem
21:12:19: GPU Vendor: ati
21:12:19: Device Name: Monitor-1-AMD Radeon HD 7640G + 6400M Dual Graphics
21:12:19: Driver Version: 8.17.10.1247
21:12:19:  * Fixed function pipeline: yes
21:12:19:  * Hardware generation of mipmaps: yes
21:12:19:  * Texture blending: yes
21:12:19:  * Anisotropic texture filtering: yes
21:12:19:  * Dot product texture operation: yes
21:12:19:  * Cube mapping: yes
21:12:19:  * Hardware stencil buffer: yes
21:12:19:    - Stencil depth: 8
21:12:19:    - Two sided stencil support: yes
21:12:19:    - Wrap stencil values: yes
21:12:19:  * Hardware vertex / index buffers: yes
21:12:19:  * Vertex programs: yes
21:12:19:  * Number of floating-point constants for vertex programs: 256
21:12:19:  * Number of integer constants for vertex programs: 16
21:12:19:  * Number of boolean constants for vertex programs: 16
21:12:19:  * Fragment programs: yes
21:12:19:  * Number of floating-point constants for fragment programs: 224
21:12:19:  * Number of integer constants for fragment programs: 16
21:12:19:  * Number of boolean constants for fragment programs: 16
21:12:19:  * Geometry programs: no
21:12:19:  * Number of floating-point constants for geometry programs: 138
21:12:19:  * Number of integer constants for geometry programs: 0
21:12:19:  * Number of boolean constants for geometry programs: 0
21:12:19:  * Supported Shader Profiles: hlsl ps_1_1 ps_1_2 ps_1_3 ps_1_4 ps_2_0 ps_2_a ps_2_b ps_2_x ps_3_0 vs_1_1 vs_2_0 vs_2_a vs_2_x vs_3_0
21:12:19:  * Texture Compression: yes
21:12:19:    - DXT: yes
21:12:19:    - VTC: no
21:12:19:    - PVRTC: no
21:12:19:  * Scissor Rectangle: yes
21:12:19:  * Hardware Occlusion Query: yes
21:12:19:  * User clip planes: yes
21:12:19:  * VET_UBYTE4 vertex element type: yes
21:12:19:  * Infinite far plane projection: yes
21:12:19:  * Hardware render-to-texture: yes
21:12:19:  * Floating point textures: yes
21:12:19:  * Non-power-of-two textures: yes
21:12:19:  * Volume textures: yes
21:12:19:  * Multiple Render Targets: 4
21:12:19:    - With different bit depths: yes
21:12:19:  * Point Sprites: yes
21:12:19:  * Extended point parameters: yes
21:12:19:  * Max Point Size: 256
21:12:19:  * Vertex texture fetch: yes
21:12:19:  * Number of world matrices: 0
21:12:19:  * Number of texture units: 8
21:12:19:  * Stencil buffer depth: 8
21:12:19:  * Number of vertex blend matrices: 0
21:12:19:    - Max vertex textures: 4
21:12:19:    - Vertex textures shared: no
21:12:19:  * Render to Vertex Buffer : no
21:12:19:  * DirectX per stage constants: yes
21:12:19: DefaultWorkQueue('Root') initialising on thread 0074D830.
21:12:19: DefaultWorkQueue('Root')::WorkerFunc - thread 007A4418 starting.
21:12:19: DefaultWorkQueue('Root')::WorkerFunc - thread 007A4448 starting.
21:12:19: DefaultWorkQueue('Root')::WorkerFunc - thread 007A44A8 starting.
21:12:19: DefaultWorkQueue('Root')::WorkerFunc - thread 007A4508 starting.
21:12:19: Particle Renderer Type 'billboard' registered
21:12:19: SceneManagerFactory for type 'BspSceneManager' registered.
21:12:19: Registering ResourceManager for type BspLevel
21:12:19: Creating resource group ET
21:12:19: Added resource location '../media/ET' of type 'FileSystem' to resource group 'ET'
21:12:19: Added resource location '../media/sound' of type 'FileSystem' to resource group 'General'
21:12:19: Added resource location '../media/models' of type 'FileSystem' to resource group 'General'
21:12:19: Added resource location '../media/materials/scripts' of type 'FileSystem' to resource group 'General'
21:12:19: Added resource location '../media/materials/textures' of type 'FileSystem' to resource group 'General'
21:12:19: Added resource location '../media/materials/textures/BoxSky/alpine' of type 'FileSystem' to resource group 'General'
21:12:19: Added resource location '../media/materials/textures/BoxSky/ashcanyon' of type 'FileSystem' to resource group 'General'
21:12:19: Added resource location '../media/materials/textures/BoxSky/bleached' of type 'FileSystem' to resource group 'General'
21:12:19: Added resource location '../media/materials/textures/BoxSky/bluesky' of type 'FileSystem' to resource group 'General'
21:12:19: Added resource location '../media/materials/textures/BoxSky/calm' of type 'FileSystem' to resource group 'General'
21:12:19: Added resource location '../media/materials/textures/BoxSky/cubemap' of type 'FileSystem' to resource group 'General'
21:12:19: Added resource location '../media/materials/textures/BoxSky/cubescene' of type 'FileSystem' to resource group 'General'
21:12:19: Added resource location '../media/materials/textures/BoxSky/desert' of type 'FileSystem' to resource group 'General'
21:12:19: Added resource location '../media/materials/textures/BoxSky/desert3' of type 'FileSystem' to resource group 'General'
21:12:19: Added resource location '../media/materials/textures/BoxSky/desertevening' of type 'FileSystem' to resource group 'General'
21:12:19: Added resource location '../media/materials/textures/BoxSky/desertsky' of type 'FileSystem' to resource group 'General'
21:12:19: Added resource location '../media/materials/textures/BoxSky/fadeaway' of type 'FileSystem' to resource group 'General'
21:12:19: Added resource location '../media/materials/textures/BoxSky/grandcanyon' of type 'FileSystem' to resource group 'General'
21:12:19: Added resource location '../media/materials/textures/BoxSky/iceflats' of type 'FileSystem' to resource group 'General'
21:12:19: Added resource location '../media/materials/textures/BoxSky/lostatseaday' of type 'FileSystem' to resource group 'General'
21:12:19: Added resource location '../media/materials/textures/BoxSky/lostatseanight' of type 'FileSystem' to resource group 'General'
21:12:19: Added resource location '../media/materials/textures/BoxSky/lostvalley' of type 'FileSystem' to resource group 'General'
21:12:19: Added resource location '../media/materials/textures/BoxSky/oasisday' of type 'FileSystem' to resource group 'General'
21:12:19: Added resource location '../media/materials/textures/BoxSky/oasisnight' of type 'FileSystem' to resource group 'General'
21:12:19: Added resource location '../media/materials/textures/BoxSky/orangecream' of type 'FileSystem' to resource group 'General'
21:12:19: Added resource location '../media/materials/textures/BoxSky/redsunset_TGA' of type 'FileSystem' to resource group 'General'
21:12:19: Added resource location '../media/materials/textures/BoxSky/rockyvalley' of type 'FileSystem' to resource group 'General'
21:12:19: Added resource location '../media/materials/textures/BoxSky/siege' of type 'FileSystem' to resource group 'General'
21:12:19: Added resource location '../media/materials/textures/BoxSky/starLight' of type 'FileSystem' to resource group 'General'
21:12:19: Added resource location '../media/materials/textures/DomeSky' of type 'FileSystem' to resource group 'General'
21:12:19: Added resource location '../media/materials/textures/PlaneSky' of type 'FileSystem' to resource group 'General'
21:12:19: Added resource location '../media/materials/textures/Terrain' of type 'FileSystem' to resource group 'General'
21:12:19: Added resource location '../media/particale' of type 'FileSystem' to resource group 'General'
21:12:19: Added resource location '../media/particale/ParticleUniverse/core' of type 'FileSystem' to resource group 'General'
21:12:19: Added resource location '../media/particale/ParticleUniverse/examples/materials' of type 'FileSystem' to resource group 'General'
21:12:19: Added resource location '../media/particale/ParticleUniverse/examples/models' of type 'FileSystem' to resource group 'General'
21:12:19: Added resource location '../media/particale/ParticleUniverse/examples/scripts' of type 'FileSystem' to resource group 'General'
21:12:19: Added resource location '../media/particale/ParticleUniverse/examples/textures' of type 'FileSystem' to resource group 'General'
21:12:19: Added resource location '../media/packs/Sinbad.zip' of type 'Zip' to resource group 'General'
21:12:19: Added resource location '../media/packs/SECore.zip' of type 'Zip' to resource group 'General'
21:12:19: Parsing scripts for resource group Autodetect
21:12:19: Finished parsing scripts for resource group Autodetect
21:12:19: Creating resources for group Autodetect
21:12:19: All done
21:12:19: Parsing scripts for resource group ET
21:12:19: Finished parsing scripts for resource group ET
21:12:19: Creating resources for group ET
21:12:19: All done
21:12:19: Parsing scripts for resource group General
21:12:19: Parsing script all.material
21:12:19: Parsing script Boxsky.material
21:12:19: Parsing script DomeSky.material
21:12:19: Parsing script Examples.material
21:12:19: Parsing script PlaneSky.material
21:12:19: Parsing script pu_example.material
21:12:19: Parsing script pu_example_32.material
21:12:19: Parsing script Sinbad.material
21:12:19: Parsing script Pointor.material
21:12:19: Parsing script SEMaterial.material
21:12:19: Parsing script Loudspeaker.material
21:12:19: Parsing script advancedLodSystem.pu
21:12:19: Compiler error: unknown error in advancedLodSystem.pu(1): token class, system, unrecognized.
21:12:19: Compiler error: unknown error in advancedLodSystem.pu(13): token class, renderer, unrecognized.
21:12:19: Compiler error: unknown error in advancedLodSystem.pu(21): token class, time_to_live, unrecognized.
21:12:19: Compiler error: unknown error in advancedLodSystem.pu(39): token class, renderer, unrecognized.
21:12:19: Compiler error: unknown error in advancedLodSystem.pu(46): token class, time_to_live, unrecognized.
21:12:19: ParticleUniverse: Particle System Template 'advancedLodSystem' registered
21:12:19: Texture: pu_barrel_02.png: Loading 1 faces(PF_R8G8B8,512x512x1) Internal format is PF_X8R8G8B8,512x512x1.
21:12:19: Texture: pu_barrel_01.png: Loading 1 faces(PF_R8G8B8,98x117x1) with 5 generated mipmaps from Image. Internal format is PF_X8R8G8B8,98x117x1.
21:12:19: Parsing script electricBeamSystem.pu
21:12:19: Compiler error: unknown error in electricBeamSystem.pu(1): token class, system, unrecognized.
21:12:19: Compiler error: unknown error in electricBeamSystem.pu(9): token class, renderer, unrecognized.
21:12:19: Compiler error: unknown error in electricBeamSystem.pu(42): token class, renderer, unrecognized.
21:12:19: ParticleUniverse: Particle System Template 'electricBeamSystem' registered
21:12:19: Texture: pu_lightning_20x64.png: Loading 1 faces(PF_A8R8G8B8,20x64x1) with 5 generated mipmaps from Image. Internal format is PF_A8R8G8B8,20x64x1.
21:12:19: Parsing script example_001.pu
21:12:19: Compiler error: unknown error in example_001.pu(1): token class, system, unrecognized.
21:12:19: Compiler error: unknown error in example_001.pu(12): token class, renderer, unrecognized.
21:12:19: ParticleUniverse: Particle System Template 'example_001' registered
21:12:19: Texture: pu_green_ball.png: Loading 1 faces(PF_A8R8G8B8,64x64x1) Internal format is PF_A8R8G8B8,64x64x1.
21:12:19: Parsing script example_002.pu
21:12:19: Compiler error: unknown error in example_002.pu(1): token class, system, unrecognized.
21:12:19: Compiler error: unknown error in example_002.pu(11): token class, renderer, unrecognized.
21:12:19: Compiler error: unknown error in example_002.pu(19): token class, duration, unrecognized.
21:12:19: Compiler error: unknown error in example_002.pu(24): token class, repeat_delay, unrecognized.
21:12:19: ParticleUniverse: Particle System Template 'example_002' registered
21:12:19: Texture: pu_hart.png: Loading 1 faces(PF_A8R8G8B8,152x139x1) with 5 generated mipmaps from Image. Internal format is PF_A8R8G8B8,152x139x1.
21:12:19: Parsing script example_003.pu
21:12:19: Compiler error: unknown error in example_003.pu(1): token class, system, unrecognized.
21:12:19: Compiler error: unknown error in example_003.pu(13): token class, renderer, unrecognized.
21:12:19: ParticleUniverse: Particle System Template 'example_003' registered
21:12:19: Texture: pu_beam_02.png: Loading 1 faces(PF_R8G8B8,128x1x1) Internal format is PF_X8R8G8B8,128x1x1.
21:12:19: Parsing script example_004.pu
21:12:19: Compiler error: unknown error in example_004.pu(1): token class, system, unrecognized.
21:12:19: Compiler error: unknown error in example_004.pu(10): token class, renderer, unrecognized.
21:12:19: ParticleUniverse: Particle System Template 'example_004' registered
21:12:19: Texture: pu_flare_12_256x256.png: Loading 1 faces(PF_R8G8B8,256x256x1) Internal format is PF_X8R8G8B8,256x256x1.
21:12:19: Parsing script example_005.pu
21:12:19: Compiler error: unknown error in example_005.pu(1): token class, system, unrecognized.
21:12:19: Compiler error: unknown error in example_005.pu(12): token class, renderer, unrecognized.
21:12:19: Compiler error: unknown error in example_005.pu(31): token class, extern, unrecognized.
21:12:19: ParticleUniverse: Particle System Template 'example_005' registered
21:12:19: Parsing script example_006.pu
21:12:19: Compiler error: unknown error in example_006.pu(1): token class, system, unrecognized.
21:12:19: Compiler error: unknown error in example_006.pu(12): token class, renderer, unrecognized.
21:12:19: ParticleUniverse: Particle System Template 'example_006' registered
21:12:19: Texture: crate6.png: Loading 1 faces(PF_R8G8B8,341x512x1) with 5 generated mipmaps from Image. Internal format is PF_X8R8G8B8,341x512x1.
21:12:19: Parsing script example_007.pu
21:12:19: Compiler error: unknown error in example_007.pu(1): token class, system, unrecognized.
21:12:19: Compiler error: unknown error in example_007.pu(11): token class, renderer, unrecognized.
21:12:19: Compiler error: unknown error in example_007.pu(30): token class, repeat_delay, unrecognized.
21:12:19: ParticleUniverse: Particle System Template 'example_007' registered
21:12:19: Texture: pu_flare.png: Loading 1 faces(PF_R8G8B8,256x256x1) Internal format is PF_X8R8G8B8,256x256x1.
21:12:19: Parsing script example_008.pu
21:12:19: Compiler error: unknown error in example_008.pu(1): token class, system, unrecognized.
21:12:19: Compiler error: unknown error in example_008.pu(11): token class, renderer, unrecognized.
21:12:19: Compiler error: unknown error in example_008.pu(25): token class, observer, unrecognized.
21:12:19: Compiler error: unknown error in example_008.pu(28): token class, handler, unrecognized.
21:12:19: ParticleUniverse: Particle System Template 'example_008' registered
21:12:19: Parsing script example_009.pu
21:12:19: Compiler error: unknown error in example_009.pu(1): token class, system, unrecognized.
21:12:19: Compiler error: unknown error in example_009.pu(10): token class, renderer, unrecognized.
21:12:19: ParticleUniverse: Particle System Template 'example_009' registered
21:12:19: Parsing script example_010.pu
21:12:19: Compiler error: unknown error in example_010.pu(1): token class, system, unrecognized.
21:12:19: Compiler error: unknown error in example_010.pu(10): token class, renderer, unrecognized.
21:12:19: Compiler error: unknown error in example_010.pu(28): token class, acceleration, unrecognized.
21:12:19: ParticleUniverse: Particle System Template 'example_010' registered
21:12:19: Parsing script example_011.pu
21:12:19: Compiler error: unknown error in example_011.pu(1): token class, system, unrecognized.
21:12:19: Compiler error: unknown error in example_011.pu(9): token class, renderer, unrecognized.
21:12:19: Compiler error: unknown error in example_011.pu(16): token class, emission_rate, unrecognized.
21:12:19: Compiler error: unknown error in example_011.pu(25): token class, time_to_live, unrecognized.
21:12:19: Compiler error: unknown error in example_011.pu(30): token class, velocity, unrecognized.
21:12:19: ParticleUniverse: Particle System Template 'example_011' registered
21:12:19: Parsing script example_012.pu
21:12:19: Compiler error: unknown error in example_012.pu(1): token class, system, unrecognized.
21:12:19: Compiler error: unknown error in example_012.pu(10): token class, renderer, unrecognized.
21:12:19: Compiler error: unknown error in example_012.pu(36): token class, acceleration, unrecognized.
21:12:19: Compiler error: unknown error in example_012.pu(42): token class, observer, unrecognized.
21:12:19: Compiler error: unknown error in example_012.pu(44): token class, handler, unrecognized.
21:12:19: ParticleUniverse: Particle System Template 'example_012' registered
21:12:19: Texture: pu_dot_03_64x64.png: Loading 1 faces(PF_R8G8B8,64x64x1) Internal format is PF_X8R8G8B8,64x64x1.
21:12:19: Parsing script example_013.pu
21:12:19: Compiler error: unknown error in example_013.pu(1): token class, system, unrecognized.
21:12:19: Compiler error: unknown error in example_013.pu(10): token class, renderer, unrecognized.
21:12:19: ParticleUniverse: Particle System Template 'example_013' registered
21:12:19: Parsing script example_015.pu
21:12:19: Compiler error: unknown error in example_015.pu(1): token class, system, unrecognized.
21:12:19: Compiler error: unknown error in example_015.pu(11): token class, renderer, unrecognized.
21:12:19: ParticleUniverse: Particle System Template 'example_015' registered
21:12:19: Parsing script example_016.pu
21:12:19: Compiler error: unknown error in example_016.pu(1): token class, system, unrecognized.
21:12:19: Compiler error: unknown error in example_016.pu(10): token class, renderer, unrecognized.
21:12:19: Compiler error: unknown error in example_016.pu(19): token class, velocity, unrecognized.
21:12:19: Compiler error: unknown error in example_016.pu(28): token class, x_scale, unrecognized.
21:12:19: Compiler error: unknown error in example_016.pu(36): token class, y_scale, unrecognized.
21:12:19: ParticleUniverse: Particle System Template 'example_016' registered
21:12:19: Texture: pu_dirt_256x512.png: Loading 1 faces(PF_A8R8G8B8,256x512x1) Internal format is PF_A8R8G8B8,256x512x1.
21:12:19: Parsing script example_017.pu
21:12:19: Compiler error: unknown error in example_017.pu(1): token class, system, unrecognized.
21:12:19: Compiler error: unknown error in example_017.pu(12): token class, renderer, unrecognized.
21:12:19: Compiler error: unknown error in example_017.pu(20): token class, velocity, unrecognized.
21:12:19: ParticleUniverse: Particle System Template 'example_017' registered
21:12:19: Parsing script example_018.pu
21:12:19: Compiler error: unknown error in example_018.pu(1): token class, system, unrecognized.
21:12:19: Compiler error: unknown error in example_018.pu(10): token class, renderer, unrecognized.
21:12:19: Compiler error: unknown error in example_018.pu(20): token class, observer, unrecognized.
21:12:19: Compiler error: unknown error in example_018.pu(22): token class, handler, unrecognized.
21:12:19: ParticleUniverse: Particle System Template 'example_018' registered
21:12:19: Parsing script example_019.pu
21:12:19: Compiler error: unknown error in example_019.pu(1): token class, system, unrecognized.
21:12:19: Compiler error: unknown error in example_019.pu(10): token class, renderer, unrecognized.
21:12:19: Compiler error: unknown error in example_019.pu(48): token class, observer, unrecognized.
21:12:19: Compiler error: unknown error in example_019.pu(50): token class, handler, unrecognized.
21:12:19: Compiler error: unknown error in example_019.pu(55): token class, observer, unrecognized.
21:12:19: Compiler error: unknown error in example_019.pu(57): token class, handler, unrecognized.
21:12:19: ParticleUniverse: Particle System Template 'example_019' registered
21:12:19: Parsing script example_020.pu
21:12:19: Compiler error: unknown error in example_020.pu(1): token class, system, unrecognized.
21:12:19: Compiler error: unknown error in example_020.pu(10): token class, renderer, unrecognized.
21:12:19: ParticleUniverse: Particle System Template 'example_020' registered
21:12:19: Parsing script example_021.pu
21:12:19: Compiler error: unknown error in example_021.pu(1): token class, system, unrecognized.
21:12:19: Compiler error: unknown error in example_021.pu(12): token class, renderer, unrecognized.
21:12:19: Compiler error: unknown error in example_021.pu(28): token class, time_to_live, unrecognized.
21:12:19: Compiler error: unknown error in example_021.pu(33): token class, velocity, unrecognized.
21:12:19: ParticleUniverse: Particle System Template 'example_021' registered
21:12:19: Parsing script example_022.pu
21:12:19: Compiler error: unknown error in example_022.pu(1): token class, system, unrecognized.
21:12:19: Compiler error: unknown error in example_022.pu(8): token class, renderer, unrecognized.
21:12:19: ParticleUniverse: Particle System Template 'example_022' registered
21:12:19: Texture: pu_ribbontrail.png: Loading 1 faces(PF_R8G8B8,128x1x1) Internal format is PF_X8R8G8B8,128x1x1.
21:12:19: Parsing script example_023.pu
21:12:19: Compiler error: unknown error in example_023.pu(1): token class, system, unrecognized.
21:12:19: Compiler error: unknown error in example_023.pu(12): token class, renderer, unrecognized.
21:12:19: ParticleUniverse: Particle System Template 'example_023' registered
21:12:19: Parsing script example_024.pu
21:12:19: Compiler error: unknown error in example_024.pu(1): token class, system, unrecognized.
21:12:19: Compiler error: unknown error in example_024.pu(8): token class, renderer, unrecognized.
21:12:19: Compiler error: unknown error in example_024.pu(35): token class, renderer, unrecognized.
21:12:19: Compiler error: unknown error in example_024.pu(64): token class, renderer, unrecognized.
21:12:19: ParticleUniverse: Particle System Template 'example_024' registered
21:12:19: Parsing script example_025.pu
21:12:19: Compiler error: unknown error in example_025.pu(1): token class, system, unrecognized.
21:12:19: Compiler error: unknown error in example_025.pu(9): token class, renderer, unrecognized.
21:12:19: ParticleUniverse: Particle System Template 'example_025' registered
21:12:19: Parsing script example_026.pu
21:12:19: Compiler error: unknown error in example_026.pu(1): token class, system, unrecognized.
21:12:19: Compiler error: unknown error in example_026.pu(11): token class, renderer, unrecognized.
21:12:19: Compiler error: unknown error in example_026.pu(19): token class, velocity, unrecognized.
21:12:19: Compiler error: unknown error in example_026.pu(35): token class, velocity, unrecognized.
21:12:19: ParticleUniverse: Particle System Template 'example_026' registered
21:12:19: Parsing script example_027.pu
21:12:19: Compiler error: unknown error in example_027.pu(1): token class, system, unrecognized.
21:12:19: Compiler error: unknown error in example_027.pu(13): token class, renderer, unrecognized.
21:12:19: Compiler error: unknown error in example_027.pu(65): token class, observer, unrecognized.
21:12:19: Compiler error: unknown error in example_027.pu(68): token class, handler, unrecognized.
21:12:19: Compiler error: unknown error in example_027.pu(72): token class, handler, unrecognized.
21:12:19: Compiler error: unknown error in example_027.pu(79): token class, observer, unrecognized.
21:12:19: Compiler error: unknown error in example_027.pu(82): token class, handler, unrecognized.
21:12:19: Compiler error: unknown error in example_027.pu(86): token class, handler, unrecognized.
21:12:19: ParticleUniverse: Particle System Template 'example_027' registered
21:12:19: Texture: steelhead.png: Loading 1 faces(PF_R8G8B8,256x256x1) Internal format is PF_X8R8G8B8,256x256x1.
21:12:19: Parsing script example_028.pu
21:12:19: Compiler error: unknown error in example_028.pu(1): token class, system, unrecognized.
21:12:19: Compiler error: unknown error in example_028.pu(10): token class, renderer, unrecognized.
21:12:19: Compiler error: unknown error in example_028.pu(23): token class, xyz_scale, unrecognized.
21:12:19: Compiler error: unknown error in example_028.pu(39): token class, rotation, unrecognized.
21:12:19: Compiler error: unknown error in example_028.pu(46): token class, behaviour, unrecognized.
21:12:19: Compiler error: unknown error in example_028.pu(57): token class, renderer, unrecognized.
21:12:19: Compiler error: unknown error in example_028.pu(88): token class, xyz_scale, unrecognized.
21:12:19: Compiler error: unknown error in example_028.pu(98): token class, rotation, unrecognized.
21:12:19: ParticleUniverse: Particle System Template 'example_028' registered
21:12:19: Texture: pu_nucleus.png: Loading 1 faces(PF_A8R8G8B8,64x64x1) Internal format is PF_A8R8G8B8,64x64x1.
21:12:19: Texture: pu_smoke_02_128x128.png: Loading 1 faces(PF_A8R8G8B8,128x128x1) Internal format is PF_A8R8G8B8,128x128x1.
21:12:19: Parsing script example_029.pu
21:12:19: Compiler error: unknown error in example_029.pu(1): token class, system, unrecognized.
21:12:19: Compiler error: unknown error in example_029.pu(11): token class, renderer, unrecognized.
21:12:19: Compiler error: unknown error in example_029.pu(19): token class, time_to_live, unrecognized.
21:12:19: Compiler error: unknown error in example_029.pu(24): token class, velocity, unrecognized.
21:12:19: ParticleUniverse: Particle System Template 'example_029' registered
21:12:19: Texture: interpolate.png: Loading 1 faces(PF_A8R8G8B8,384x384x1) with 5 generated mipmaps from Image. Internal format is PF_A8R8G8B8,384x384x1.
21:12:19: Parsing script example_030.pu
21:12:19: Compiler error: unknown error in example_030.pu(1): token class, system, unrecognized.
21:12:19: Compiler error: unknown error in example_030.pu(14): token class, renderer, unrecognized.
21:12:19: Compiler error: unknown error in example_030.pu(36): token class, renderer, unrecognized.
21:12:19: ParticleUniverse: Particle System Template 'example_030' registered
21:12:19: Texture: pu_beam_01.png: Loading 1 faces(PF_R8G8B8,128x1x1) Internal format is PF_X8R8G8B8,128x1x1.
21:12:19: Parsing script example_031.pu
21:12:19: Compiler error: unknown error in example_031.pu(1): token class, system, unrecognized.
21:12:19: Compiler error: unknown error in example_031.pu(12): token class, renderer, unrecognized.
21:12:19: ParticleUniverse: Particle System Template 'example_031' registered
21:12:19: Texture: pu_sand_336x330.png: Loading 1 faces(PF_A8R8G8B8,336x330x1) with 5 generated mipmaps from Image. Internal format is PF_A8R8G8B8,336x330x1.
21:12:20: Parsing script example_032.pu
21:12:20: Compiler error: unknown error in example_032.pu(1): token class, system, unrecognized.
21:12:20: Compiler error: unknown error in example_032.pu(10): token class, renderer, unrecognized.
21:12:20: Compiler error: unknown error in example_032.pu(17): token class, time_to_live, unrecognized.
21:12:20: Compiler error: unknown error in example_032.pu(22): token class, velocity, unrecognized.
21:12:20: Compiler error: unknown error in example_032.pu(41): token class, xyz_scale, unrecognized.
21:12:20: Compiler error: unknown error in example_032.pu(53): token class, renderer, unrecognized.
21:12:20: Compiler error: unknown error in example_032.pu(65): token class, observer, unrecognized.
21:12:20: Compiler error: unknown error in example_032.pu(68): token class, handler, unrecognized.
21:12:20: ParticleUniverse: Particle System Template 'example_032' registered
21:12:20: Texture: pu_smoke_brown_336x330.png: Loading 1 faces(PF_A8R8G8B8,336x330x1) with 5 generated mipmaps from Image. Internal format is PF_A8R8G8B8,336x330x1.
21:12:20: Parsing script explosionSystem.pu
21:12:20: Compiler error: unknown error in explosionSystem.pu(1): token class, system, unrecognized.
21:12:20: Compiler error: unknown error in explosionSystem.pu(9): token class, renderer, unrecognized.
21:12:20: Compiler error: unknown error in explosionSystem.pu(31): token class, observer, unrecognized.
21:12:20: Compiler error: unknown error in explosionSystem.pu(33): token class, handler, unrecognized.
21:12:20: Compiler error: unknown error in explosionSystem.pu(45): token class, renderer, unrecognized.
21:12:20: Compiler error: unknown error in explosionSystem.pu(62): token class, observer, unrecognized.
21:12:20: Compiler error: unknown error in explosionSystem.pu(64): token class, handler, unrecognized.
21:12:20: Compiler error: unknown error in explosionSystem.pu(77): token class, renderer, unrecognized.
21:12:20: Compiler error: unknown error in explosionSystem.pu(97): token class, rotation, unrecognized.
21:12:20: Compiler error: unknown error in explosionSystem.pu(102): token class, rotation_speed, unrecognized.
21:12:20: Compiler error: unknown error in explosionSystem.pu(116): token class, renderer, unrecognized.
21:12:20: Compiler error: unknown error in explosionSystem.pu(125): token class, velocity, unrecognized.
21:12:20: Compiler error: unknown error in explosionSystem.pu(131): token class, particle_height, unrecognized.
21:12:20: Compiler error: unknown error in explosionSystem.pu(149): token class, observer, unrecognized.
21:12:20: Compiler error: unknown error in explosionSystem.pu(151): token class, handler, unrecognized.
21:12:20: ParticleUniverse: Particle System Template 'explosionSystem' registered
21:12:20: Texture: pu_fire_01_64x64.png: Loading 1 faces(PF_R8G8B8,64x64x1) Internal format is PF_X8R8G8B8,64x64x1.
21:12:20: Parsing script fireSystem.pu
21:12:20: Compiler error: unknown error in fireSystem.pu(1): token class, system, unrecognized.
21:12:20: Compiler error: unknown error in fireSystem.pu(9): token class, renderer, unrecognized.
21:12:20: Compiler error: unknown error in fireSystem.pu(17): token class, time_to_live, unrecognized.
21:12:20: Compiler error: unknown error in fireSystem.pu(22): token class, velocity, unrecognized.
21:12:20: Compiler error: unknown error in fireSystem.pu(48): token class, renderer, unrecognized.
21:12:20: Compiler error: unknown error in fireSystem.pu(54): token class, time_to_live, unrecognized.
21:12:20: Compiler error: unknown error in fireSystem.pu(59): token class, velocity, unrecognized.
21:12:20: ParticleUniverse: Particle System Template 'fireSystem' registered
21:12:20: Texture: pu_flame.png: Loading 1 faces(PF_R8G8B8,64x64x1) Internal format is PF_X8R8G8B8,64x64x1.
21:12:20: Parsing script flameSystem.pu
21:12:20: Compiler error: unknown error in flameSystem.pu(1): token class, system, unrecognized.
21:12:20: Compiler error: unknown error in flameSystem.pu(11): token class, renderer, unrecognized.
21:12:20: Compiler error: unknown error in flameSystem.pu(19): token class, time_to_live, unrecognized.
21:12:20: Compiler error: unknown error in flameSystem.pu(24): token class, velocity, unrecognized.
21:12:20: Compiler error: unknown error in flameSystem.pu(37): token class, time_to_live, unrecognized.
21:12:20: Compiler error: unknown error in flameSystem.pu(42): token class, mass, unrecognized.
21:12:20: Compiler error: unknown error in flameSystem.pu(47): token class, velocity, unrecognized.
21:12:20: ParticleUniverse: Particle System Template 'flameSystem' registered
21:12:20: Parsing script fxPression.pu
21:12:20: Compiler error: unknown error in fxPression.pu(1): token class, system, unrecognized.
21:12:20: Compiler error: unknown error in fxPression.pu(9): token class, renderer, unrecognized.
21:12:20: Compiler error: unknown error in fxPression.pu(17): token class, velocity, unrecognized.
21:12:20: Compiler error: unknown error in fxPression.pu(39): token class, renderer, unrecognized.
21:12:20: Compiler error: unknown error in fxPression.pu(58): token class, observer, unrecognized.
21:12:20: Compiler error: unknown error in fxPression.pu(60): token class, handler, unrecognized.
21:12:20: Compiler error: unknown error in fxPression.pu(64): token class, handler, unrecognized.
21:12:20: Compiler error: unknown error in fxPression.pu(79): token class, renderer, unrecognized.
21:12:20: Compiler error: unknown error in fxPression.pu(94): token class, velocity, unrecognized.
21:12:20: Compiler error: unknown error in fxPression.pu(109): token class, rotation_speed, unrecognized.
21:12:20: ParticleUniverse: Particle System Template 'fxPression' registered
21:12:20: Texture: pu_plate.jpg: Loading 1 faces(PF_R8G8B8,300x225x1) with 5 generated mipmaps from Image. Internal format is PF_X8R8G8B8,300x225x1.
21:12:20: Mesh: Loading fxpression.mesh.
21:12:20: WARNING: fxpression.mesh is an older format ([MeshSerializer_v1.40]); you should upgrade it as soon as possible using the OgreMeshUpgrade tool.
21:12:20: Parsing script mp_torch.pu
21:12:20: Compiler error: unknown error in mp_torch.pu(1): token class, system, unrecognized.
21:12:20: Compiler error: unknown error in mp_torch.pu(8): token class, renderer, unrecognized.
21:12:20: Compiler error: unknown error in mp_torch.pu(17): token class, time_to_live, unrecognized.
21:12:20: Compiler error: unknown error in mp_torch.pu(22): token class, velocity, unrecognized.
21:12:20: Compiler error: unknown error in mp_torch.pu(27): token class, all_particle_dimensions, unrecognized.
21:12:20: Compiler error: unknown error in mp_torch.pu(43): token class, x_scale, unrecognized.
21:12:20: Compiler error: unknown error in mp_torch.pu(49): token class, y_scale, unrecognized.
21:12:20: ParticleUniverse: Particle System Template 'mp_torch' registered
21:12:20: D3D9 : Loading 2D Texture, image name : 'mp_fire_02_2x2.dds' with 5 mip map levels
21:12:20: Parsing script physXFluid.pu
21:12:20: Compiler error: unknown error in physXFluid.pu(1): token class, system, unrecognized.
21:12:20: Compiler error: unknown error in physXFluid.pu(12): token class, renderer, unrecognized.
21:12:20: Compiler error: unknown error in physXFluid.pu(25): token class, extern, unrecognized.
21:12:20: Compiler error: unknown error in physXFluid.pu(42): token class, renderer, unrecognized.
21:12:20: Compiler error: unknown error in physXFluid.pu(53): token class, extern, unrecognized.
21:12:20: Compiler error: unknown error in physXFluid.pu(55): token class, physx_shape, unrecognized.
21:12:20: ParticleUniverse: Particle System Template 'physXFluid' registered
21:12:20: Compiler error: invalid parameters in physXFluid.pu(25)
21:12:20: Compiler error: invalid parameters in physXFluid.pu(53)
21:12:20: Parsing script physXParticles.pu
21:12:20: Compiler error: unknown error in physXParticles.pu(1): token class, system, unrecognized.
21:12:20: Compiler error: unknown error in physXParticles.pu(9): token class, renderer, unrecognized.
21:12:20: Compiler error: unknown error in physXParticles.pu(17): token class, all_particle_dimensions, unrecognized.
21:12:20: Compiler error: unknown error in physXParticles.pu(29): token class, observer, unrecognized.
21:12:20: Compiler error: unknown error in physXParticles.pu(31): token class, handler, unrecognized.
21:12:20: Compiler error: unknown error in physXParticles.pu(37): token class, extern, unrecognized.
21:12:20: Compiler error: unknown error in physXParticles.pu(40): token class, physx_shape, unrecognized.
21:12:20: Compiler error: unknown error in physXParticles.pu(54): token class, renderer, unrecognized.
21:12:20: ParticleUniverse: Particle System Template 'physXParticles' registered
21:12:20: Compiler error: invalid parameters in physXParticles.pu(37)
21:12:20: Parsing script rainSystem_1.pu
21:12:20: Compiler error: unknown error in rainSystem_1.pu(1): token class, system, unrecognized.
21:12:20: Compiler error: unknown error in rainSystem_1.pu(11): token class, renderer, unrecognized.
21:12:20: Compiler error: unknown error in rainSystem_1.pu(28): token class, observer, unrecognized.
21:12:20: Compiler error: unknown error in rainSystem_1.pu(30): token class, handler, unrecognized.
21:12:20: Compiler error: unknown error in rainSystem_1.pu(34): token class, handler, unrecognized.
21:12:20: Compiler error: unknown error in rainSystem_1.pu(38): token class, handler, unrecognized.
21:12:20: Compiler error: unknown error in rainSystem_1.pu(49): token class, renderer, unrecognized.
21:12:20: Compiler error: unknown error in rainSystem_1.pu(59): token class, time_to_live, unrecognized.
21:12:20: Compiler error: unknown error in rainSystem_1.pu(77): token class, renderer, unrecognized.
21:12:20: Compiler error: unknown error in rainSystem_1.pu(83): token class, time_to_live, unrecognized.
21:12:20: Compiler error: unknown error in rainSystem_1.pu(95): token class, velocity, unrecognized.
21:12:20: Compiler error: unknown error in rainSystem_1.pu(105): token class, observer, unrecognized.
21:12:20: Compiler error: unknown error in rainSystem_1.pu(107): token class, handler, unrecognized.
21:12:20: ParticleUniverse: Particle System Template 'rainSystem_1' registered
21:12:20: Texture: pu_rain_01.png: Loading 1 faces(PF_L16,32x1050x1) with 5 generated mipmaps from Image. Internal format is PF_L16,32x1050x1.
21:12:20: Texture: pu_circle.png: Loading 1 faces(PF_A8R8G8B8,64x64x1) Internal format is PF_A8R8G8B8,64x64x1.
21:12:20: Parsing script rainSystem_2.pu
21:12:20: Compiler error: unknown error in rainSystem_2.pu(1): token class, system, unrecognized.
21:12:20: Compiler error: unknown error in rainSystem_2.pu(11): token class, renderer, unrecognized.
21:12:20: Compiler error: unknown error in rainSystem_2.pu(28): token class, observer, unrecognized.
21:12:20: Compiler error: unknown error in rainSystem_2.pu(30): token class, handler, unrecognized.
21:12:20: Compiler error: unknown error in rainSystem_2.pu(41): token class, renderer, unrecognized.
21:12:20: Compiler error: unknown error in rainSystem_2.pu(51): token class, time_to_live, unrecognized.
21:12:20: Compiler error: unknown error in rainSystem_2.pu(74): token class, renderer, unrecognized.
21:12:20: Compiler error: unknown error in rainSystem_2.pu(80): token class, time_to_live, unrecognized.
21:12:20: Compiler error: unknown error in rainSystem_2.pu(95): token class, velocity, unrecognized.
21:12:20: Compiler error: unknown error in rainSystem_2.pu(105): token class, observer, unrecognized.
21:12:20: Compiler error: unknown error in rainSystem_2.pu(107): token class, handler, unrecognized.
21:12:20: ParticleUniverse: Particle System Template 'rainSystem_2' registered
21:12:20: Parsing script snow.pu
21:12:20: Compiler error: unknown error in snow.pu(1): token class, system, unrecognized.
21:12:20: Compiler error: unknown error in snow.pu(9): token class, renderer, unrecognized.
21:12:20: Compiler error: unknown error in snow.pu(16): token class, angle, unrecognized.
21:12:20: Compiler error: unknown error in snow.pu(22): token class, velocity, unrecognized.
21:12:20: Compiler error: unknown error in snow.pu(27): token class, all_particle_dimensions, unrecognized.
21:12:20: Compiler error: unknown error in snow.pu(48): token class, observer, unrecognized.
21:12:20: Compiler error: unknown error in snow.pu(51): token class, handler, unrecognized.
21:12:20: Compiler error: unknown error in snow.pu(55): token class, handler, unrecognized.
21:12:20: Compiler error: unknown error in snow.pu(60): token class, observer, unrecognized.
21:12:20: Compiler error: unknown error in snow.pu(63): token class, handler, unrecognized.
21:12:20: Compiler error: unknown error in snow.pu(67): token class, handler, unrecognized.
21:12:20: Compiler error: unknown error in snow.pu(73): token class, observer, unrecognized.
21:12:20: Compiler error: unknown error in snow.pu(75): token class, handler, unrecognized.
21:12:20: Compiler error: unknown error in snow.pu(79): token class, handler, unrecognized.
21:12:20: Compiler error: unknown error in snow.pu(91): token class, renderer, unrecognized.
21:12:20: ParticleUniverse: Particle System Template 'snow' registered
21:12:20: Parsing script tornadoSystem.pu
21:12:20: Compiler error: unknown error in tornadoSystem.pu(1): token class, system, unrecognized.
21:12:20: Compiler error: unknown error in tornadoSystem.pu(10): token class, renderer, unrecognized.
21:12:20: Compiler error: unknown error in tornadoSystem.pu(34): token class, xyz_scale, unrecognized.
21:12:20: Compiler error: unknown error in tornadoSystem.pu(45): token class, renderer, unrecognized.
21:12:20: Compiler error: unknown error in tornadoSystem.pu(53): token class, velocity, unrecognized.
21:12:20: Compiler error: unknown error in tornadoSystem.pu(58): token class, duration, unrecognized.
21:12:20: Compiler error: unknown error in tornadoSystem.pu(63): token class, repeat_delay, unrecognized.
21:12:20: Compiler error: unknown error in tornadoSystem.pu(68): token class, all_particle_dimensions, unrecognized.
21:12:20: Compiler error: unknown error in tornadoSystem.pu(88): token class, rotation_speed, unrecognized.
21:12:20: ParticleUniverse: Particle System Template 'tornadoSystem' registered
21:12:20: Texture: pu_stone.jpeg: Loading 1 faces(PF_R8G8B8,480x360x1) with 5 generated mipmaps from Image. Internal format is PF_X8R8G8B8,480x360x1.
21:12:20: Parsing script windyFireSystem.pu
21:12:20: Compiler error: unknown error in windyFireSystem.pu(1): token class, system, unrecognized.
21:12:20: Compiler error: unknown error in windyFireSystem.pu(9): token class, renderer, unrecognized.
21:12:20: Compiler error: unknown error in windyFireSystem.pu(17): token class, time_to_live, unrecognized.
21:12:20: Compiler error: unknown error in windyFireSystem.pu(22): token class, velocity, unrecognized.
21:12:20: Compiler error: unknown error in windyFireSystem.pu(47): token class, observer, unrecognized.
21:12:20: Compiler error: unknown error in windyFireSystem.pu(50): token class, handler, unrecognized.
21:12:20: Compiler error: unknown error in windyFireSystem.pu(54): token class, handler, unrecognized.
21:12:20: Compiler error: unknown error in windyFireSystem.pu(58): token class, handler, unrecognized.
21:12:20: Compiler error: unknown error in windyFireSystem.pu(62): token class, handler, unrecognized.
21:12:20: Compiler error: unknown error in windyFireSystem.pu(68): token class, observer, unrecognized.
21:12:20: Compiler error: unknown error in windyFireSystem.pu(71): token class, handler, unrecognized.
21:12:20: Compiler error: unknown error in windyFireSystem.pu(75): token class, handler, unrecognized.
21:12:20: Compiler error: unknown error in windyFireSystem.pu(79): token class, handler, unrecognized.
21:12:20: Compiler error: unknown error in windyFireSystem.pu(83): token class, handler, unrecognized.
21:12:20: ParticleUniverse: Particle System Template 'windyFire' registered
21:12:20: Finished parsing scripts for resource group General
21:12:20: Creating resources for group General
21:12:20: All done
21:12:20: Parsing scripts for resource group Internal
21:12:20: Finished parsing scripts for resource group Internal
21:12:20: Creating resources for group Internal
21:12:20: All done
21:12:20: Mesh: Loading Sinbad.mesh.
21:12:20: Skeleton: Loading Sinbad.skeleton
21:12:20: WARNING: Sinbad.mesh is an older format ([MeshSerializer_v1.40]); you should upgrade it as soon as possible using the OgreMeshUpgrade tool.
21:12:20: Texture: sinbad_body.tga: Loading 1 faces(PF_R8G8B8,512x512x1) Internal format is PF_X8R8G8B8,512x512x1.
21:12:20: Texture: sinbad_clothes.tga: Loading 1 faces(PF_R8G8B8,512x512x1) Internal format is PF_X8R8G8B8,512x512x1.
21:12:20: Texture: sinbad_sword.tga: Loading 1 faces(PF_R8G8B8,256x256x1) Internal format is PF_X8R8G8B8,256x256x1.
21:12:20: WARNING: the mesh 'Sinbad.mesh' includes vertices with more than 4 bone assignments. The lowest weighted assignments beyond this limit have been removed, so your animation may look slightly different. To eliminate this, reduce the number of bone assignments per vertex on your mesh to 4.
21:12:20: Creating swords
21:12:20: Mesh: Loading Sword.mesh.
21:12:20: WARNING: Sword.mesh is an older format ([MeshSerializer_v1.40]); you should upgrade it as soon as possible using the OgreMeshUpgrade tool.
21:12:20: Can't assign material Sinbad/Hilt to SubEntity of SinbadSword1 because this Material does not exist. Have you forgotten to define it in a .material script?
21:12:20: Can't assign material Sinbad/Handle to SubEntity of SinbadSword1 because this Material does not exist. Have you forgotten to define it in a .material script?
21:12:20: Can't assign material Sinbad/Blade to SubEntity of SinbadSword1 because this Material does not exist. Have you forgotten to define it in a .material script?
21:12:20: Can't assign material Sinbad/Ruby to SubEntity of SinbadSword1 because this Material does not exist. Have you forgotten to define it in a .material script?
21:12:20: Can't assign material Sinbad/Hilt to SubEntity of SinbadSword2 because this Material does not exist. Have you forgotten to define it in a .material script?
21:12:20: Can't assign material Sinbad/Handle to SubEntity of SinbadSword2 because this Material does not exist. Have you forgotten to define it in a .material script?
21:12:20: Can't assign material Sinbad/Blade to SubEntity of SinbadSword2 because this Material does not exist. Have you forgotten to define it in a .material script?
21:12:20: Can't assign material Sinbad/Ruby to SubEntity of SinbadSword2 because this Material does not exist. Have you forgotten to define it in a .material script?
21:12:20: Creating the chains
21:12:20: Can't assign material Examples/LightRibbonTrail to BillboardChain Ogre/MO1 because this Material does not exist. Have you forgotten to define it in a .material script?
21:12:20: Mesh: Loading grid.mesh.
21:12:20: Mesh: Loading .mesh.
21:12:20: WARNING: .mesh is an older format ([MeshSerializer_v1.41]); you should upgrade it as soon as possible using the OgreMeshUpgrade tool.
21:12:20: Mesh: Loading pointor.mesh.
21:12:20: Can't assign material NoMaterial to SubEntity of Ogre/MO4 because this Material does not exist. Have you forgotten to define it in a .material script?
21:12:20: Can't assign material NoMaterial to SubEntity of Ogre/MO5 because this Material does not exist. Have you forgotten to define it in a .material script?
21:12:20: Can't assign material NoMaterial to SubEntity of Ogre/MO6 because this Material does not exist. Have you forgotten to define it in a .material script?
21:12:20: Mesh: Loading cube.mesh.
21:12:20: Mesh: Loading sphere.mesh.
21:12:20: WARNING: sphere.mesh is an older format ([MeshSerializer_v1.41]); you should upgrade it as soon as possible using the OgreMeshUpgrade tool.
21:12:20: Texture: Girl_Diffuse.png: Loading 1 faces(PF_A8R8G8B8,1024x512x1) Internal format is PF_A8R8G8B8,1024x512x1.
21:12:20: Mesh: Loading RotationRingVisible.mesh.
21:12:20: WARNING: RotationRingVisible.mesh is an older format ([MeshSerializer_v1.40]); you should upgrade it as soon as possible using the OgreMeshUpgrade tool.
21:12:20: Can't assign material OgreSE/TransparentWhiteMat to SubEntity of RotionPointorX because this Material does not exist. Have you forgotten to define it in a .material script?
21:12:20: Can't assign material OgreSE/TransparentWhiteMat to SubEntity of RotionPointorY because this Material does not exist. Have you forgotten to define it in a .material script?
21:12:20: Can't assign material OgreSE/TransparentWhiteMat to SubEntity of RotionPointorZ because this Material does not exist. Have you forgotten to define it in a .material script?
21:12:20: Mesh: Loading RotationRingCollision.mesh.
21:12:20: WARNING: RotationRingCollision.mesh is an older format ([MeshSerializer_v1.40]); you should upgrade it as soon as possible using the OgreMeshUpgrade tool.
21:12:20: Can't assign material ManipulatorHandlesRedMat to SubEntity of RotionCollisionX because this Material does not exist. Have you forgotten to define it in a .material script?
21:12:20: Can't assign material ManipulatorHandlesRedMat to SubEntity of RotionCollisionY because this Material does not exist. Have you forgotten to define it in a .material script?
21:12:20: Can't assign material ManipulatorHandlesRedMat to SubEntity of RotionCollisionZ because this Material does not exist. Have you forgotten to define it in a .material script?
21:12:20: Can't assign material NoMaterial to SubEntity of Ogre/MO8 because this Material does not exist. Have you forgotten to define it in a .material script?
21:12:20: Can't assign material NoMaterial to SubEntity of Ogre/MO9 because this Material does not exist. Have you forgotten to define it in a .material script?
21:12:20: Can't assign material NoMaterial to SubEntity of Ogre/MO10 because this Material does not exist. Have you forgotten to define it in a .material script?
21:12:20: Mesh: Loading pointLight.mesh.
21:12:20: WARNING: pointLight.mesh is an older format ([MeshSerializer_v1.41]); you should upgrade it as soon as possible using the OgreMeshUpgrade tool.
21:12:20: Can't assign material lambert1 to SubEntity of Ogre/MO11 because this Material does not exist. Have you forgotten to define it in a .material script?
21:12:20: D3D9RenderSystem::_createRenderWindow "mini Window", 270x105 windowed  miscParams: externalWindowHandle=461432 
21:12:20: D3D9 : Created D3D9 Rendering Window 'mini Window' : 270x105, 32bpp
21:12:20: D3D9 : WARNING - disabling VSync in windowed mode can cause timing issues at lower frame rates, turn VSync on if you observe this problem.
21:12:20: D3D9 : WARNING - disabling VSync in windowed mode can cause timing issues at lower frame rates, turn VSync on if you observe this problem.
21:12:20: D3D9: Vertex texture format supported - PF_L8
21:12:20: D3D9: Vertex texture format supported - PF_L16
21:12:20: D3D9: Vertex texture format supported - PF_A8
21:12:20: D3D9: Vertex texture format supported - PF_A4L4
21:12:20: D3D9: Vertex texture format supported - PF_BYTE_LA
21:12:20: D3D9: Vertex texture format supported - PF_R5G6B5
21:12:20: D3D9: Vertex texture format supported - PF_B5G6R5
21:12:20: D3D9: Vertex texture format supported - PF_A4R4G4B4
21:12:20: D3D9: Vertex texture format supported - PF_A1R5G5B5
21:12:20: D3D9: Vertex texture format supported - PF_A8R8G8B8
21:12:20: D3D9: Vertex texture format supported - PF_B8G8R8A8
21:12:20: D3D9: Vertex texture format supported - PF_A2R10G10B10
21:12:20: D3D9: Vertex texture format supported - PF_A2B10G10R10
21:12:20: D3D9: Vertex texture format supported - PF_DXT1
21:12:20: D3D9: Vertex texture format supported - PF_DXT2
21:12:20: D3D9: Vertex texture format supported - PF_DXT3
21:12:20: D3D9: Vertex texture format supported - PF_DXT4
21:12:20: D3D9: Vertex texture format supported - PF_DXT5
21:12:20: D3D9: Vertex texture format supported - PF_FLOAT16_RGB
21:12:20: D3D9: Vertex texture format supported - PF_FLOAT16_RGBA
21:12:20: D3D9: Vertex texture format supported - PF_FLOAT32_RGB
21:12:20: D3D9: Vertex texture format supported - PF_FLOAT32_RGBA
21:12:20: D3D9: Vertex texture format supported - PF_X8R8G8B8
21:12:20: D3D9: Vertex texture format supported - PF_X8B8G8R8
21:12:20: D3D9: Vertex texture format supported - PF_R8G8B8A8
21:12:20: D3D9: Vertex texture format supported - PF_DEPTH
21:12:20: D3D9: Vertex texture format supported - PF_SHORT_RGBA
21:12:20: D3D9: Vertex texture format supported - PF_FLOAT16_R
21:12:20: D3D9: Vertex texture format supported - PF_FLOAT32_R
21:12:20: D3D9: Vertex texture format supported - PF_SHORT_GR
21:12:20: D3D9: Vertex texture format supported - PF_FLOAT16_GR
21:12:20: D3D9: Vertex texture format supported - PF_FLOAT32_GR
21:12:20: D3D9: Vertex texture format supported - PF_SHORT_RGB
21:12:20: D3D9: Vertex texture format supported - PF_PVRTC_RGB2
21:12:20: D3D9: Vertex texture format supported - PF_PVRTC_RGBA2
21:12:20: D3D9: Vertex texture format supported - PF_PVRTC_RGB4
21:12:20: D3D9: Vertex texture format supported - PF_PVRTC_RGBA4
21:12:20: D3D9: Vertex texture format supported - PF_R8
21:12:20: D3D9: Vertex texture format supported - PF_RG8
21:12:20: Texture: spot_shadow_fade.png: Loading 1 faces(PF_R8G8B8,128x128x1) Internal format is PF_X8R8G8B8,128x128x1.
21:12:55: D3D9 Device 0x[0A7725E0] entered lost state
21:12:55: D3D9 : WARNING - disabling VSync in windowed mode can cause timing issues at lower frame rates, turn VSync on if you observe this problem.
21:12:55: D3D9 : WARNING - disabling VSync in windowed mode can cause timing issues at lower frame rates, turn VSync on if you observe this problem.
21:12:55: !!! Direct3D Device successfully restored.
21:12:55: D3D9 device: 0x[0A7725E0] was reset
21:12:56: D3D9 Device 0x[0A7725E0] entered lost state
21:12:56: D3D9 : WARNING - disabling VSync in windowed mode can cause timing issues at lower frame rates, turn VSync on if you observe this problem.
21:12:56: D3D9 : WARNING - disabling VSync in windowed mode can cause timing issues at lower frame rates, turn VSync on if you observe this problem.
21:12:56: !!! Direct3D Device successfully restored.
21:12:56: D3D9 device: 0x[0A7725E0] was reset
