16:39:28: Creating resource group General
16:39:28: Creating resource group Internal
16:39:28: Creating resource group Autodetect
16:39:28: SceneManagerFactory for type 'DefaultSceneManager' registered.
16:39:28: Registering ResourceManager for type Material
16:39:28: Registering ResourceManager for type Mesh
16:39:28: Registering ResourceManager for type Skeleton
16:39:28: MovableObjectFactory for type 'ParticleSystem' registered.
16:39:28: OverlayElementFactory for type Panel registered.
16:39:28: OverlayElementFactory for type BorderPanel registered.
16:39:28: OverlayElementFactory for type TextArea registered.
16:39:28: Registering ResourceManager for type Font
16:39:28: ArchiveFactory for archive type FileSystem registered.
16:39:28: ArchiveFactory for archive type Zip registered.
16:39:28: ArchiveFactory for archive type EmbeddedZip registered.
16:39:28: DDS codec registering
16:39:28: FreeImage version: 3.15.3
16:39:28: This program uses FreeImage, a free, open source image library supporting all common bitmap formats. See http://freeimage.sourceforge.net for details
16:39:28: Supported formats: bmp,ico,jpg,jif,jpeg,jpe,jng,koa,iff,lbm,mng,pbm,pbm,pcd,pcx,pgm,pgm,png,ppm,ppm,ras,tga,targa,tif,tiff,wap,wbmp,wbm,psd,cut,xbm,xpm,gif,hdr,g3,sgi,exr,j2k,j2c,jp2,pfm,pct,pict,pic,3fr,arw,bay,bmq,cap,cine,cr2,crw,cs1,dc2,dcr,drf,dsc,dng,erf,fff,ia,iiq,k25,kc2,kdc,mdc,mef,mos,mrw,nef,nrw,orf,pef,ptx,pxn,qtk,raf,raw,rdc,rw2,rwl,rwz,sr2,srf,srw,sti
16:39:28: Registering ResourceManager for type HighLevelGpuProgram
16:39:28: Registering ResourceManager for type Compositor
16:39:28: MovableObjectFactory for type 'Entity' registered.
16:39:28: MovableObjectFactory for type 'Light' registered.
16:39:28: MovableObjectFactory for type 'BillboardSet' registered.
16:39:28: MovableObjectFactory for type 'ManualObject' registered.
16:39:28: MovableObjectFactory for type 'BillboardChain' registered.
16:39:28: MovableObjectFactory for type 'RibbonTrail' registered.
16:39:28: Loading library .\RenderSystem_Direct3D9
16:39:28: Installing plugin: D3D9 RenderSystem
16:39:28: D3D9 : Direct3D9 Rendering Subsystem created.
16:39:28: D3D9: Driver Detection Starts
16:39:28: D3D9: Driver Detection Ends
16:39:28: Plugin successfully installed
16:39:28: Loading library .\Plugin_ParticleFX
16:39:28: Installing plugin: ParticleFX
16:39:28: Particle Emitter Type 'Point' registered
16:39:28: Particle Emitter Type 'Box' registered
16:39:28: Particle Emitter Type 'Ellipsoid' registered
16:39:28: Particle Emitter Type 'Cylinder' registered
16:39:28: Particle Emitter Type 'Ring' registered
16:39:28: Particle Emitter Type 'HollowEllipsoid' registered
16:39:28: Particle Affector Type 'LinearForce' registered
16:39:28: Particle Affector Type 'ColourFader' registered
16:39:28: Particle Affector Type 'ColourFader2' registered
16:39:28: Particle Affector Type 'ColourImage' registered
16:39:28: Particle Affector Type 'ColourInterpolator' registered
16:39:28: Particle Affector Type 'Scaler' registered
16:39:28: Particle Affector Type 'Rotator' registered
16:39:28: Particle Affector Type 'DirectionRandomiser' registered
16:39:28: Particle Affector Type 'DeflectorPlane' registered
16:39:28: Plugin successfully installed
16:39:28: Loading library .\Plugin_BSPSceneManager
16:39:28: Installing plugin: BSP Scene Manager
16:39:28: Plugin successfully installed
16:39:28: Loading library .\Plugin_CgProgramManager
16:39:28: Installing plugin: Cg Program Manager
16:39:28: Plugin successfully installed
16:39:28: Loading library .\ParticleUniverse
16:39:28: Installing plugin: ParticleUniverse
16:39:28: MovableObjectFactory for type 'PUParticleSystem' registered.
16:39:28: MovableObjectFactory for type 'BoxSet' registered.
16:39:28: MovableObjectFactory for type 'SphereSet' registered.
16:39:28: ParticleUniverse: Particle Renderer Type 'Beam' registered
16:39:28: ParticleUniverse: Particle Renderer Type 'Billboard' registered
16:39:28: ParticleUniverse: Particle Renderer Type 'Box' registered
16:39:28: ParticleUniverse: Particle Renderer Type 'Sphere' registered
16:39:28: ParticleUniverse: Particle Renderer Type 'Entity' registered
16:39:28: ParticleUniverse: Particle Renderer Type 'RibbonTrail' registered
16:39:28: ParticleUniverse: Particle Renderer Type 'Light' registered
16:39:28: ParticleUniverse: Particle Emitter Type 'Point' registered
16:39:28: ParticleUniverse: Particle Emitter Type 'Line' registered
16:39:28: ParticleUniverse: Particle Emitter Type 'Box' registered
16:39:28: ParticleUniverse: Particle Emitter Type 'Circle' registered
16:39:28: ParticleUniverse: Particle Emitter Type 'SphereSurface' registered
16:39:28: ParticleUniverse: Particle Emitter Type 'Vertex' registered
16:39:28: ParticleUniverse: Particle Emitter Type 'MeshSurface' registered
16:39:28: ParticleUniverse: Particle Emitter Type 'Position' registered
16:39:28: ParticleUniverse: Particle Emitter Type 'Slave' registered
16:39:28: ParticleUniverse: Particle Affector Type 'Dummy01' registered
16:39:28: ParticleUniverse: Particle Affector Type 'LinearForce' registered
16:39:28: ParticleUniverse: Particle Affector Type 'Gravity' registered
16:39:28: ParticleUniverse: Particle Affector Type 'ParticleFollower' registered
16:39:28: ParticleUniverse: Particle Affector Type 'Vortex' registered
16:39:28: ParticleUniverse: Particle Affector Type 'Randomiser' registered
16:39:28: ParticleUniverse: Particle Affector Type 'Line' registered
16:39:28: ParticleUniverse: Particle Affector Type 'Scale' registered
16:39:28: ParticleUniverse: Particle Affector Type 'ScaleVelocity' registered
16:39:28: ParticleUniverse: Particle Affector Type 'GeometryRotator' registered
16:39:28: ParticleUniverse: Particle Affector Type 'TextureRotator' registered
16:39:28: ParticleUniverse: Particle Affector Type 'TextureAnimator' registered
16:39:28: ParticleUniverse: Particle Affector Type 'Jet' registered
16:39:28: ParticleUniverse: Particle Affector Type 'Align' registered
16:39:28: ParticleUniverse: Particle Affector Type 'FlockCentering' registered
16:39:28: ParticleUniverse: Particle Affector Type 'CollisionAvoidance' registered
16:39:28: ParticleUniverse: Particle Affector Type 'VelocityMatching' registered
16:39:28: ParticleUniverse: Particle Affector Type 'Colour' registered
16:39:28: ParticleUniverse: Particle Affector Type 'SineForce' registered
16:39:28: ParticleUniverse: Particle Affector Type 'Dummy02' registered
16:39:28: ParticleUniverse: Particle Affector Type 'SphereCollider' registered
16:39:28: ParticleUniverse: Particle Affector Type 'PlaneCollider' registered
16:39:28: ParticleUniverse: Particle Affector Type 'BoxCollider' registered
16:39:28: ParticleUniverse: Particle Affector Type 'InterParticleCollider' registered
16:39:28: ParticleUniverse: Particle Affector Type 'PathFollower' registered
16:39:28: ParticleUniverse: Particle Affector Type 'ForceField' registered
16:39:28: ParticleUniverse: Particle Observer Type 'OnExpire' registered
16:39:28: ParticleUniverse: Particle Observer Type 'OnEmission' registered
16:39:28: ParticleUniverse: Particle Observer Type 'OnCount' registered
16:39:28: ParticleUniverse: Particle Observer Type 'OnEventFlag' registered
16:39:28: ParticleUniverse: Particle Observer Type 'OnCollision' registered
16:39:28: ParticleUniverse: Particle Observer Type 'OnVelocity' registered
16:39:28: ParticleUniverse: Particle Observer Type 'OnTime' registered
16:39:28: ParticleUniverse: Particle Observer Type 'OnPosition' registered
16:39:28: ParticleUniverse: Particle Observer Type 'OnClear' registered
16:39:28: ParticleUniverse: Particle Observer Type 'OnQuota' registered
16:39:28: ParticleUniverse: Particle Observer Type 'OnRandom' registered
16:39:28: ParticleUniverse: Particle EventHandler Type 'DoExpire' registered
16:39:28: ParticleUniverse: Particle EventHandler Type 'DoFreeze' registered
16:39:28: ParticleUniverse: Particle EventHandler Type 'DoPlacementParticle' registered
16:39:28: ParticleUniverse: Particle EventHandler Type 'DoStopSystem' registered
16:39:28: ParticleUniverse: Particle EventHandler Type 'DoEnableComponent' registered
16:39:28: ParticleUniverse: Particle EventHandler Type 'DoAffector' registered
16:39:28: ParticleUniverse: Particle EventHandler Type 'DoScale' registered
16:39:28: ParticleUniverse: Particle Extern Type 'Gravity' registered
16:39:28: ParticleUniverse: Particle Extern Type 'SphereCollider' registered
16:39:28: ParticleUniverse: Particle Extern Type 'BoxCollider' registered
16:39:28: ParticleUniverse: Particle Extern Type 'Vortex' registered
16:39:28: ParticleUniverse: Particle Extern Type 'SceneDecorator' registered
16:39:28: ParticleUniverse: Particle Behaviour Type 'Slave' registered
16:39:28: Plugin successfully installed
16:39:28: *-*-* OGRE Initialising
16:39:28: *-*-* Version 1.8.1 (Byatis)
16:39:28: D3D9 : RenderSystem Option: Allow NVPerfHUD = No
16:39:28: D3D9 : RenderSystem Option: FSAA = 0
16:39:28: D3D9 : RenderSystem Option: Fixed Pipeline Enabled = Yes
16:39:28: D3D9 : RenderSystem Option: Floating-point mode = Fastest
16:39:28: D3D9 : RenderSystem Option: Full Screen = Yes
16:39:28: D3D9 : RenderSystem Option: Multi device memory hint = Use minimum system memory
16:39:28: D3D9 : RenderSystem Option: Rendering Device = Monitor-1-NVIDIA GeForce GT 650M
16:39:28: D3D9 : RenderSystem Option: Resource Creation Policy = Create on all devices
16:39:28: D3D9 : RenderSystem Option: Use Multihead = Auto
16:39:28: D3D9 : RenderSystem Option: VSync = No
16:39:28: D3D9 : RenderSystem Option: VSync Interval = 1
16:39:28: D3D9 : RenderSystem Option: Video Mode = 800 x 600 @ 32-bit colour
16:39:28: D3D9 : RenderSystem Option: sRGB Gamma Conversion = No
16:39:28: D3D9 : RenderSystem Option: Rendering Device = Monitor-1-AMD Radeon HD 7640G + 6400M Dual Graphics
16:39:28: D3D9 : RenderSystem Option: Allow NVPerfHUD = No
16:39:28: D3D9 : RenderSystem Option: FSAA = 0
16:39:28: D3D9 : RenderSystem Option: Fixed Pipeline Enabled = Yes
16:39:28: D3D9 : RenderSystem Option: Floating-point mode = Fastest
16:39:28: D3D9 : RenderSystem Option: Full Screen = Yes
16:39:28: D3D9 : RenderSystem Option: Multi device memory hint = Use minimum system memory
16:39:28: D3D9 : RenderSystem Option: Rendering Device = Monitor-1-NVIDIA GeForce GT 650M
16:39:28: D3D9 : RenderSystem Option: Resource Creation Policy = Create on all devices
16:39:28: D3D9 : RenderSystem Option: Use Multihead = Auto
16:39:28: D3D9 : RenderSystem Option: VSync = No
16:39:28: D3D9 : RenderSystem Option: VSync Interval = 1
16:39:28: D3D9 : RenderSystem Option: Video Mode = 800 x 600 @ 32-bit colour
16:39:28: D3D9 : RenderSystem Option: sRGB Gamma Conversion = No
16:39:28: D3D9 : RenderSystem Option: Rendering Device = Monitor-1-AMD Radeon HD 7640G + 6400M Dual Graphics
16:39:35: CPU Identifier & Features
16:39:35: -------------------------
16:39:35:  *   CPU ID: AuthenticAMD: AMD A8-4500M APU with Radeon(tm) HD Graphics
16:39:35:  *      SSE: yes
16:39:35:  *     SSE2: yes
16:39:35:  *     SSE3: yes
16:39:35:  *      MMX: yes
16:39:35:  *   MMXEXT: yes
16:39:35:  *    3DNOW: no
16:39:35:  * 3DNOWEXT: no
16:39:35:  *     CMOV: yes
16:39:35:  *      TSC: yes
16:39:35:  *      FPU: yes
16:39:35:  *      PRO: yes
16:39:35:  *       HT: no
16:39:35: -------------------------
16:39:35: D3D9 : Subsystem Initialising
16:39:35: Registering ResourceManager for type Texture
16:39:35: Registering ResourceManager for type GpuProgram
16:39:35: ***************************************
16:39:35: *** D3D9 : Subsystem Initialised OK ***
16:39:35: ***************************************
16:39:35: D3D9RenderSystem::_createRenderWindow "OgreRenderWindow", 884x607 windowed  miscParams: externalWindowHandle=526688 
16:39:35: D3D9 : Created D3D9 Rendering Window 'OgreRenderWindow' : 884x607, 32bpp
16:39:35: D3D9 : WARNING - disabling VSync in windowed mode can cause timing issues at lower frame rates, turn VSync on if you observe this problem.
16:39:35: D3D9: Vertex texture format supported - PF_L8
16:39:35: D3D9: Vertex texture format supported - PF_L16
16:39:35: D3D9: Vertex texture format supported - PF_A8
16:39:35: D3D9: Vertex texture format supported - PF_A4L4
16:39:35: D3D9: Vertex texture format supported - PF_BYTE_LA
16:39:35: D3D9: Vertex texture format supported - PF_R5G6B5
16:39:35: D3D9: Vertex texture format supported - PF_B5G6R5
16:39:35: D3D9: Vertex texture format supported - PF_A4R4G4B4
16:39:35: D3D9: Vertex texture format supported - PF_A1R5G5B5
16:39:35: D3D9: Vertex texture format supported - PF_A8R8G8B8
16:39:35: D3D9: Vertex texture format supported - PF_B8G8R8A8
16:39:35: D3D9: Vertex texture format supported - PF_A2R10G10B10
16:39:35: D3D9: Vertex texture format supported - PF_A2B10G10R10
16:39:35: D3D9: Vertex texture format supported - PF_DXT1
16:39:35: D3D9: Vertex texture format supported - PF_DXT2
16:39:35: D3D9: Vertex texture format supported - PF_DXT3
16:39:35: D3D9: Vertex texture format supported - PF_DXT4
16:39:35: D3D9: Vertex texture format supported - PF_DXT5
16:39:35: D3D9: Vertex texture format supported - PF_FLOAT16_RGB
16:39:35: D3D9: Vertex texture format supported - PF_FLOAT16_RGBA
16:39:35: D3D9: Vertex texture format supported - PF_FLOAT32_RGB
16:39:35: D3D9: Vertex texture format supported - PF_FLOAT32_RGBA
16:39:35: D3D9: Vertex texture format supported - PF_X8R8G8B8
16:39:35: D3D9: Vertex texture format supported - PF_X8B8G8R8
16:39:35: D3D9: Vertex texture format supported - PF_R8G8B8A8
16:39:35: D3D9: Vertex texture format supported - PF_DEPTH
16:39:35: D3D9: Vertex texture format supported - PF_SHORT_RGBA
16:39:35: D3D9: Vertex texture format supported - PF_FLOAT16_R
16:39:35: D3D9: Vertex texture format supported - PF_FLOAT32_R
16:39:35: D3D9: Vertex texture format supported - PF_SHORT_GR
16:39:35: D3D9: Vertex texture format supported - PF_FLOAT16_GR
16:39:35: D3D9: Vertex texture format supported - PF_FLOAT32_GR
16:39:35: D3D9: Vertex texture format supported - PF_SHORT_RGB
16:39:35: D3D9: Vertex texture format supported - PF_PVRTC_RGB2
16:39:35: D3D9: Vertex texture format supported - PF_PVRTC_RGBA2
16:39:35: D3D9: Vertex texture format supported - PF_PVRTC_RGB4
16:39:35: D3D9: Vertex texture format supported - PF_PVRTC_RGBA4
16:39:35: D3D9: Vertex texture format supported - PF_R8
16:39:35: D3D9: Vertex texture format supported - PF_RG8
16:39:35: RenderSystem capabilities
16:39:35: -------------------------
16:39:35: RenderSystem Name: Direct3D9 Rendering Subsystem
16:39:35: GPU Vendor: ati
16:39:35: Device Name: Monitor-1-AMD Radeon HD 7640G + 6400M Dual Graphics
16:39:35: Driver Version: 8.17.10.1247
16:39:35:  * Fixed function pipeline: yes
16:39:35:  * Hardware generation of mipmaps: yes
16:39:35:  * Texture blending: yes
16:39:35:  * Anisotropic texture filtering: yes
16:39:35:  * Dot product texture operation: yes
16:39:35:  * Cube mapping: yes
16:39:35:  * Hardware stencil buffer: yes
16:39:35:    - Stencil depth: 8
16:39:35:    - Two sided stencil support: yes
16:39:35:    - Wrap stencil values: yes
16:39:35:  * Hardware vertex / index buffers: yes
16:39:35:  * Vertex programs: yes
16:39:35:  * Number of floating-point constants for vertex programs: 256
16:39:35:  * Number of integer constants for vertex programs: 16
16:39:35:  * Number of boolean constants for vertex programs: 16
16:39:35:  * Fragment programs: yes
16:39:35:  * Number of floating-point constants for fragment programs: 224
16:39:35:  * Number of integer constants for fragment programs: 16
16:39:35:  * Number of boolean constants for fragment programs: 16
16:39:35:  * Geometry programs: no
16:39:35:  * Number of floating-point constants for geometry programs: 222
16:39:35:  * Number of integer constants for geometry programs: 0
16:39:35:  * Number of boolean constants for geometry programs: 0
16:39:35:  * Supported Shader Profiles: hlsl ps_1_1 ps_1_2 ps_1_3 ps_1_4 ps_2_0 ps_2_a ps_2_b ps_2_x ps_3_0 vs_1_1 vs_2_0 vs_2_a vs_2_x vs_3_0
16:39:35:  * Texture Compression: yes
16:39:35:    - DXT: yes
16:39:35:    - VTC: no
16:39:35:    - PVRTC: no
16:39:35:  * Scissor Rectangle: yes
16:39:35:  * Hardware Occlusion Query: yes
16:39:35:  * User clip planes: yes
16:39:35:  * VET_UBYTE4 vertex element type: yes
16:39:35:  * Infinite far plane projection: yes
16:39:35:  * Hardware render-to-texture: yes
16:39:35:  * Floating point textures: yes
16:39:35:  * Non-power-of-two textures: yes
16:39:35:  * Volume textures: yes
16:39:35:  * Multiple Render Targets: 4
16:39:35:    - With different bit depths: yes
16:39:35:  * Point Sprites: yes
16:39:35:  * Extended point parameters: yes
16:39:35:  * Max Point Size: 256
16:39:35:  * Vertex texture fetch: yes
16:39:35:  * Number of world matrices: 0
16:39:35:  * Number of texture units: 8
16:39:35:  * Stencil buffer depth: 8
16:39:35:  * Number of vertex blend matrices: 0
16:39:35:    - Max vertex textures: 4
16:39:35:    - Vertex textures shared: no
16:39:35:  * Render to Vertex Buffer : no
16:39:35:  * DirectX per stage constants: yes
16:39:35: DefaultWorkQueue('Root') initialising on thread 0041C278.
16:39:35: DefaultWorkQueue('Root')::WorkerFunc - thread 0984B768 starting.
16:39:35: DefaultWorkQueue('Root')::WorkerFunc - thread 0984B7C8 starting.
16:39:35: DefaultWorkQueue('Root')::WorkerFunc - thread 0984B798 starting.
16:39:35: DefaultWorkQueue('Root')::WorkerFunc - thread 0984B7F8 starting.
16:39:35: Particle Renderer Type 'billboard' registered
16:39:35: SceneManagerFactory for type 'BspSceneManager' registered.
16:39:35: Registering ResourceManager for type BspLevel
16:39:36: Creating resource group ET
16:39:36: Added resource location '../media/ET' of type 'FileSystem' to resource group 'ET'
16:39:36: Added resource location '../media/sound' of type 'FileSystem' to resource group 'General'
16:39:36: Added resource location '../media/models' of type 'FileSystem' to resource group 'General'
16:39:36: Added resource location '../media/materials/scripts' of type 'FileSystem' to resource group 'General'
16:39:36: Added resource location '../media/materials/textures' of type 'FileSystem' to resource group 'General'
16:39:36: Added resource location '../media/materials/textures/BoxSky/alpine' of type 'FileSystem' to resource group 'General'
16:39:36: Added resource location '../media/materials/textures/BoxSky/ashcanyon' of type 'FileSystem' to resource group 'General'
16:39:36: Added resource location '../media/materials/textures/BoxSky/bleached' of type 'FileSystem' to resource group 'General'
16:39:36: Added resource location '../media/materials/textures/BoxSky/bluesky' of type 'FileSystem' to resource group 'General'
16:39:36: Added resource location '../media/materials/textures/BoxSky/calm' of type 'FileSystem' to resource group 'General'
16:39:36: Added resource location '../media/materials/textures/BoxSky/cubemap' of type 'FileSystem' to resource group 'General'
16:39:36: Added resource location '../media/materials/textures/BoxSky/cubescene' of type 'FileSystem' to resource group 'General'
16:39:36: Added resource location '../media/materials/textures/BoxSky/desert' of type 'FileSystem' to resource group 'General'
16:39:36: Added resource location '../media/materials/textures/BoxSky/desert3' of type 'FileSystem' to resource group 'General'
16:39:36: Added resource location '../media/materials/textures/BoxSky/desertevening' of type 'FileSystem' to resource group 'General'
16:39:36: Added resource location '../media/materials/textures/BoxSky/desertsky' of type 'FileSystem' to resource group 'General'
16:39:36: Added resource location '../media/materials/textures/BoxSky/fadeaway' of type 'FileSystem' to resource group 'General'
16:39:36: Added resource location '../media/materials/textures/BoxSky/grandcanyon' of type 'FileSystem' to resource group 'General'
16:39:36: Added resource location '../media/materials/textures/BoxSky/iceflats' of type 'FileSystem' to resource group 'General'
16:39:36: Added resource location '../media/materials/textures/BoxSky/lostatseaday' of type 'FileSystem' to resource group 'General'
16:39:36: Added resource location '../media/materials/textures/BoxSky/lostatseanight' of type 'FileSystem' to resource group 'General'
16:39:36: Added resource location '../media/materials/textures/BoxSky/lostvalley' of type 'FileSystem' to resource group 'General'
16:39:36: Added resource location '../media/materials/textures/BoxSky/oasisday' of type 'FileSystem' to resource group 'General'
16:39:36: Added resource location '../media/materials/textures/BoxSky/oasisnight' of type 'FileSystem' to resource group 'General'
16:39:36: Added resource location '../media/materials/textures/BoxSky/orangecream' of type 'FileSystem' to resource group 'General'
16:39:36: Added resource location '../media/materials/textures/BoxSky/redsunset_TGA' of type 'FileSystem' to resource group 'General'
16:39:36: Added resource location '../media/materials/textures/BoxSky/rockyvalley' of type 'FileSystem' to resource group 'General'
16:39:36: Added resource location '../media/materials/textures/BoxSky/siege' of type 'FileSystem' to resource group 'General'
16:39:36: Added resource location '../media/materials/textures/BoxSky/starLight' of type 'FileSystem' to resource group 'General'
16:39:36: Added resource location '../media/materials/textures/DomeSky' of type 'FileSystem' to resource group 'General'
16:39:36: Added resource location '../media/materials/textures/PlaneSky' of type 'FileSystem' to resource group 'General'
16:39:36: Added resource location '../media/materials/textures/Terrain' of type 'FileSystem' to resource group 'General'
16:39:36: Added resource location '../media/particale' of type 'FileSystem' to resource group 'General'
16:39:36: Added resource location '../media/particale/ParticleUniverse/core' of type 'FileSystem' to resource group 'General'
16:39:36: Added resource location '../media/particale/ParticleUniverse/examples/materials' of type 'FileSystem' to resource group 'General'
16:39:36: Added resource location '../media/particale/ParticleUniverse/examples/models' of type 'FileSystem' to resource group 'General'
16:39:36: Added resource location '../media/particale/ParticleUniverse/examples/scripts' of type 'FileSystem' to resource group 'General'
16:39:36: Added resource location '../media/particale/ParticleUniverse/examples/textures' of type 'FileSystem' to resource group 'General'
16:39:36: Added resource location '../media/packs/Sinbad.zip' of type 'Zip' to resource group 'General'
16:39:36: Added resource location '../media/packs/SECore.zip' of type 'Zip' to resource group 'General'
16:39:36: Parsing scripts for resource group Autodetect
16:39:36: Finished parsing scripts for resource group Autodetect
16:39:36: Creating resources for group Autodetect
16:39:36: All done
16:39:36: Parsing scripts for resource group ET
16:39:36: Parsing script ETShader.program
16:39:36: Parsing script ETTerrain.material
16:39:37: Finished parsing scripts for resource group ET
16:39:37: Creating resources for group ET
16:39:37: All done
16:39:37: Parsing scripts for resource group General
16:39:37: Parsing script all.material
16:39:37: Parsing script Boxsky.material
16:39:37: Parsing script DomeSky.material
16:39:37: Parsing script Examples.material
16:39:37: Parsing script PlaneSky.material
16:39:37: Parsing script pu_example.material
16:39:37: Parsing script pu_example_32.material
16:39:37: Parsing script Sinbad.material
16:39:37: Parsing script Pointor.material
16:39:37: Parsing script SEMaterial.material
16:39:37: Parsing script Loudspeaker.material
16:39:37: Parsing script advancedLodSystem.pu
16:39:37: Compiler error: unknown error in advancedLodSystem.pu(1): token class, system, unrecognized.
16:39:37: Compiler error: unknown error in advancedLodSystem.pu(13): token class, renderer, unrecognized.
16:39:37: Compiler error: unknown error in advancedLodSystem.pu(21): token class, time_to_live, unrecognized.
16:39:37: Compiler error: unknown error in advancedLodSystem.pu(39): token class, renderer, unrecognized.
16:39:37: Compiler error: unknown error in advancedLodSystem.pu(46): token class, time_to_live, unrecognized.
16:39:37: ParticleUniverse: Particle System Template 'advancedLodSystem' registered
16:39:37: Texture: pu_barrel_02.png: Loading 1 faces(PF_R8G8B8,512x512x1) Internal format is PF_X8R8G8B8,512x512x1.
16:39:37: Texture: pu_barrel_01.png: Loading 1 faces(PF_R8G8B8,98x117x1) with 5 generated mipmaps from Image. Internal format is PF_X8R8G8B8,98x117x1.
16:39:37: Parsing script electricBeamSystem.pu
16:39:37: Compiler error: unknown error in electricBeamSystem.pu(1): token class, system, unrecognized.
16:39:37: Compiler error: unknown error in electricBeamSystem.pu(9): token class, renderer, unrecognized.
16:39:37: Compiler error: unknown error in electricBeamSystem.pu(42): token class, renderer, unrecognized.
16:39:37: ParticleUniverse: Particle System Template 'electricBeamSystem' registered
16:39:37: Texture: pu_lightning_20x64.png: Loading 1 faces(PF_A8R8G8B8,20x64x1) with 5 generated mipmaps from Image. Internal format is PF_A8R8G8B8,20x64x1.
16:39:37: Parsing script example_001.pu
16:39:37: Compiler error: unknown error in example_001.pu(1): token class, system, unrecognized.
16:39:37: Compiler error: unknown error in example_001.pu(12): token class, renderer, unrecognized.
16:39:37: ParticleUniverse: Particle System Template 'example_001' registered
16:39:37: Texture: pu_green_ball.png: Loading 1 faces(PF_A8R8G8B8,64x64x1) Internal format is PF_A8R8G8B8,64x64x1.
16:39:37: Parsing script example_002.pu
16:39:37: Compiler error: unknown error in example_002.pu(1): token class, system, unrecognized.
16:39:37: Compiler error: unknown error in example_002.pu(11): token class, renderer, unrecognized.
16:39:37: Compiler error: unknown error in example_002.pu(19): token class, duration, unrecognized.
16:39:37: Compiler error: unknown error in example_002.pu(24): token class, repeat_delay, unrecognized.
16:39:37: ParticleUniverse: Particle System Template 'example_002' registered
16:39:37: Texture: pu_hart.png: Loading 1 faces(PF_A8R8G8B8,152x139x1) with 5 generated mipmaps from Image. Internal format is PF_A8R8G8B8,152x139x1.
16:39:37: Parsing script example_003.pu
16:39:37: Compiler error: unknown error in example_003.pu(1): token class, system, unrecognized.
16:39:37: Compiler error: unknown error in example_003.pu(13): token class, renderer, unrecognized.
16:39:37: ParticleUniverse: Particle System Template 'example_003' registered
16:39:37: Texture: pu_beam_02.png: Loading 1 faces(PF_R8G8B8,128x1x1) Internal format is PF_X8R8G8B8,128x1x1.
16:39:37: Parsing script example_004.pu
16:39:37: Compiler error: unknown error in example_004.pu(1): token class, system, unrecognized.
16:39:37: Compiler error: unknown error in example_004.pu(10): token class, renderer, unrecognized.
16:39:37: ParticleUniverse: Particle System Template 'example_004' registered
16:39:37: Texture: pu_flare_12_256x256.png: Loading 1 faces(PF_R8G8B8,256x256x1) Internal format is PF_X8R8G8B8,256x256x1.
16:39:37: Parsing script example_005.pu
16:39:37: Compiler error: unknown error in example_005.pu(1): token class, system, unrecognized.
16:39:37: Compiler error: unknown error in example_005.pu(12): token class, renderer, unrecognized.
16:39:37: Compiler error: unknown error in example_005.pu(31): token class, extern, unrecognized.
16:39:37: ParticleUniverse: Particle System Template 'example_005' registered
16:39:37: Parsing script example_006.pu
16:39:37: Compiler error: unknown error in example_006.pu(1): token class, system, unrecognized.
16:39:37: Compiler error: unknown error in example_006.pu(12): token class, renderer, unrecognized.
16:39:37: ParticleUniverse: Particle System Template 'example_006' registered
16:39:38: Texture: crate6.png: Loading 1 faces(PF_R8G8B8,341x512x1) with 5 generated mipmaps from Image. Internal format is PF_X8R8G8B8,341x512x1.
16:39:38: Parsing script example_007.pu
16:39:38: Compiler error: unknown error in example_007.pu(1): token class, system, unrecognized.
16:39:38: Compiler error: unknown error in example_007.pu(11): token class, renderer, unrecognized.
16:39:38: Compiler error: unknown error in example_007.pu(30): token class, repeat_delay, unrecognized.
16:39:38: ParticleUniverse: Particle System Template 'example_007' registered
16:39:38: Texture: pu_flare.png: Loading 1 faces(PF_R8G8B8,256x256x1) Internal format is PF_X8R8G8B8,256x256x1.
16:39:38: Parsing script example_008.pu
16:39:38: Compiler error: unknown error in example_008.pu(1): token class, system, unrecognized.
16:39:38: Compiler error: unknown error in example_008.pu(11): token class, renderer, unrecognized.
16:39:38: Compiler error: unknown error in example_008.pu(25): token class, observer, unrecognized.
16:39:38: Compiler error: unknown error in example_008.pu(28): token class, handler, unrecognized.
16:39:38: ParticleUniverse: Particle System Template 'example_008' registered
16:39:38: Parsing script example_009.pu
16:39:38: Compiler error: unknown error in example_009.pu(1): token class, system, unrecognized.
16:39:38: Compiler error: unknown error in example_009.pu(10): token class, renderer, unrecognized.
16:39:38: ParticleUniverse: Particle System Template 'example_009' registered
16:39:38: Parsing script example_010.pu
16:39:38: Compiler error: unknown error in example_010.pu(1): token class, system, unrecognized.
16:39:38: Compiler error: unknown error in example_010.pu(10): token class, renderer, unrecognized.
16:39:38: Compiler error: unknown error in example_010.pu(28): token class, acceleration, unrecognized.
16:39:38: ParticleUniverse: Particle System Template 'example_010' registered
16:39:38: Parsing script example_011.pu
16:39:38: Compiler error: unknown error in example_011.pu(1): token class, system, unrecognized.
16:39:38: Compiler error: unknown error in example_011.pu(9): token class, renderer, unrecognized.
16:39:38: Compiler error: unknown error in example_011.pu(16): token class, emission_rate, unrecognized.
16:39:38: Compiler error: unknown error in example_011.pu(25): token class, time_to_live, unrecognized.
16:39:38: Compiler error: unknown error in example_011.pu(30): token class, velocity, unrecognized.
16:39:38: ParticleUniverse: Particle System Template 'example_011' registered
16:39:38: Parsing script example_012.pu
16:39:38: Compiler error: unknown error in example_012.pu(1): token class, system, unrecognized.
16:39:38: Compiler error: unknown error in example_012.pu(10): token class, renderer, unrecognized.
16:39:38: Compiler error: unknown error in example_012.pu(36): token class, acceleration, unrecognized.
16:39:38: Compiler error: unknown error in example_012.pu(42): token class, observer, unrecognized.
16:39:38: Compiler error: unknown error in example_012.pu(44): token class, handler, unrecognized.
16:39:38: ParticleUniverse: Particle System Template 'example_012' registered
16:39:38: Texture: pu_dot_03_64x64.png: Loading 1 faces(PF_R8G8B8,64x64x1) Internal format is PF_X8R8G8B8,64x64x1.
16:39:38: Parsing script example_013.pu
16:39:38: Compiler error: unknown error in example_013.pu(1): token class, system, unrecognized.
16:39:38: Compiler error: unknown error in example_013.pu(10): token class, renderer, unrecognized.
16:39:38: ParticleUniverse: Particle System Template 'example_013' registered
16:39:38: Parsing script example_015.pu
16:39:38: Compiler error: unknown error in example_015.pu(1): token class, system, unrecognized.
16:39:38: Compiler error: unknown error in example_015.pu(11): token class, renderer, unrecognized.
16:39:38: ParticleUniverse: Particle System Template 'example_015' registered
16:39:38: Parsing script example_016.pu
16:39:38: Compiler error: unknown error in example_016.pu(1): token class, system, unrecognized.
16:39:38: Compiler error: unknown error in example_016.pu(10): token class, renderer, unrecognized.
16:39:38: Compiler error: unknown error in example_016.pu(19): token class, velocity, unrecognized.
16:39:38: Compiler error: unknown error in example_016.pu(28): token class, x_scale, unrecognized.
16:39:38: Compiler error: unknown error in example_016.pu(36): token class, y_scale, unrecognized.
16:39:38: ParticleUniverse: Particle System Template 'example_016' registered
16:39:38: Texture: pu_dirt_256x512.png: Loading 1 faces(PF_A8R8G8B8,256x512x1) Internal format is PF_A8R8G8B8,256x512x1.
16:39:38: Parsing script example_017.pu
16:39:38: Compiler error: unknown error in example_017.pu(1): token class, system, unrecognized.
16:39:38: Compiler error: unknown error in example_017.pu(12): token class, renderer, unrecognized.
16:39:38: Compiler error: unknown error in example_017.pu(20): token class, velocity, unrecognized.
16:39:38: ParticleUniverse: Particle System Template 'example_017' registered
16:39:38: Parsing script example_018.pu
16:39:38: Compiler error: unknown error in example_018.pu(1): token class, system, unrecognized.
16:39:38: Compiler error: unknown error in example_018.pu(10): token class, renderer, unrecognized.
16:39:38: Compiler error: unknown error in example_018.pu(20): token class, observer, unrecognized.
16:39:38: Compiler error: unknown error in example_018.pu(22): token class, handler, unrecognized.
16:39:38: ParticleUniverse: Particle System Template 'example_018' registered
16:39:38: Parsing script example_019.pu
16:39:38: Compiler error: unknown error in example_019.pu(1): token class, system, unrecognized.
16:39:38: Compiler error: unknown error in example_019.pu(10): token class, renderer, unrecognized.
16:39:38: Compiler error: unknown error in example_019.pu(48): token class, observer, unrecognized.
16:39:38: Compiler error: unknown error in example_019.pu(50): token class, handler, unrecognized.
16:39:38: Compiler error: unknown error in example_019.pu(55): token class, observer, unrecognized.
16:39:38: Compiler error: unknown error in example_019.pu(57): token class, handler, unrecognized.
16:39:38: ParticleUniverse: Particle System Template 'example_019' registered
16:39:38: Parsing script example_020.pu
16:39:38: Compiler error: unknown error in example_020.pu(1): token class, system, unrecognized.
16:39:38: Compiler error: unknown error in example_020.pu(10): token class, renderer, unrecognized.
16:39:38: ParticleUniverse: Particle System Template 'example_020' registered
16:39:38: Parsing script example_021.pu
16:39:38: Compiler error: unknown error in example_021.pu(1): token class, system, unrecognized.
16:39:38: Compiler error: unknown error in example_021.pu(12): token class, renderer, unrecognized.
16:39:38: Compiler error: unknown error in example_021.pu(28): token class, time_to_live, unrecognized.
16:39:38: Compiler error: unknown error in example_021.pu(33): token class, velocity, unrecognized.
16:39:38: ParticleUniverse: Particle System Template 'example_021' registered
16:39:38: Parsing script example_022.pu
16:39:38: Compiler error: unknown error in example_022.pu(1): token class, system, unrecognized.
16:39:38: Compiler error: unknown error in example_022.pu(8): token class, renderer, unrecognized.
16:39:38: ParticleUniverse: Particle System Template 'example_022' registered
16:39:38: Texture: pu_ribbontrail.png: Loading 1 faces(PF_R8G8B8,128x1x1) Internal format is PF_X8R8G8B8,128x1x1.
16:39:38: Parsing script example_023.pu
16:39:38: Compiler error: unknown error in example_023.pu(1): token class, system, unrecognized.
16:39:38: Compiler error: unknown error in example_023.pu(12): token class, renderer, unrecognized.
16:39:38: ParticleUniverse: Particle System Template 'example_023' registered
16:39:38: Parsing script example_024.pu
16:39:38: Compiler error: unknown error in example_024.pu(1): token class, system, unrecognized.
16:39:38: Compiler error: unknown error in example_024.pu(8): token class, renderer, unrecognized.
16:39:38: Compiler error: unknown error in example_024.pu(35): token class, renderer, unrecognized.
16:39:38: Compiler error: unknown error in example_024.pu(64): token class, renderer, unrecognized.
16:39:38: ParticleUniverse: Particle System Template 'example_024' registered
16:39:38: Parsing script example_025.pu
16:39:38: Compiler error: unknown error in example_025.pu(1): token class, system, unrecognized.
16:39:38: Compiler error: unknown error in example_025.pu(9): token class, renderer, unrecognized.
16:39:38: ParticleUniverse: Particle System Template 'example_025' registered
16:39:38: Parsing script example_026.pu
16:39:38: Compiler error: unknown error in example_026.pu(1): token class, system, unrecognized.
16:39:38: Compiler error: unknown error in example_026.pu(11): token class, renderer, unrecognized.
16:39:38: Compiler error: unknown error in example_026.pu(19): token class, velocity, unrecognized.
16:39:38: Compiler error: unknown error in example_026.pu(35): token class, velocity, unrecognized.
16:39:38: ParticleUniverse: Particle System Template 'example_026' registered
16:39:38: Parsing script example_027.pu
16:39:38: Compiler error: unknown error in example_027.pu(1): token class, system, unrecognized.
16:39:38: Compiler error: unknown error in example_027.pu(13): token class, renderer, unrecognized.
16:39:38: Compiler error: unknown error in example_027.pu(65): token class, observer, unrecognized.
16:39:38: Compiler error: unknown error in example_027.pu(68): token class, handler, unrecognized.
16:39:38: Compiler error: unknown error in example_027.pu(72): token class, handler, unrecognized.
16:39:38: Compiler error: unknown error in example_027.pu(79): token class, observer, unrecognized.
16:39:38: Compiler error: unknown error in example_027.pu(82): token class, handler, unrecognized.
16:39:38: Compiler error: unknown error in example_027.pu(86): token class, handler, unrecognized.
16:39:38: ParticleUniverse: Particle System Template 'example_027' registered
16:39:38: Texture: steelhead.png: Loading 1 faces(PF_R8G8B8,256x256x1) Internal format is PF_X8R8G8B8,256x256x1.
16:39:38: Parsing script example_028.pu
16:39:38: Compiler error: unknown error in example_028.pu(1): token class, system, unrecognized.
16:39:38: Compiler error: unknown error in example_028.pu(10): token class, renderer, unrecognized.
16:39:38: Compiler error: unknown error in example_028.pu(23): token class, xyz_scale, unrecognized.
16:39:38: Compiler error: unknown error in example_028.pu(39): token class, rotation, unrecognized.
16:39:38: Compiler error: unknown error in example_028.pu(46): token class, behaviour, unrecognized.
16:39:38: Compiler error: unknown error in example_028.pu(57): token class, renderer, unrecognized.
16:39:38: Compiler error: unknown error in example_028.pu(88): token class, xyz_scale, unrecognized.
16:39:38: Compiler error: unknown error in example_028.pu(98): token class, rotation, unrecognized.
16:39:38: ParticleUniverse: Particle System Template 'example_028' registered
16:39:38: Texture: pu_nucleus.png: Loading 1 faces(PF_A8R8G8B8,64x64x1) Internal format is PF_A8R8G8B8,64x64x1.
16:39:38: Texture: pu_smoke_02_128x128.png: Loading 1 faces(PF_A8R8G8B8,128x128x1) Internal format is PF_A8R8G8B8,128x128x1.
16:39:38: Parsing script example_029.pu
16:39:38: Compiler error: unknown error in example_029.pu(1): token class, system, unrecognized.
16:39:38: Compiler error: unknown error in example_029.pu(11): token class, renderer, unrecognized.
16:39:38: Compiler error: unknown error in example_029.pu(19): token class, time_to_live, unrecognized.
16:39:38: Compiler error: unknown error in example_029.pu(24): token class, velocity, unrecognized.
16:39:38: ParticleUniverse: Particle System Template 'example_029' registered
16:39:38: Texture: interpolate.png: Loading 1 faces(PF_A8R8G8B8,384x384x1) with 5 generated mipmaps from Image. Internal format is PF_A8R8G8B8,384x384x1.
16:39:38: Parsing script example_030.pu
16:39:38: Compiler error: unknown error in example_030.pu(1): token class, system, unrecognized.
16:39:38: Compiler error: unknown error in example_030.pu(14): token class, renderer, unrecognized.
16:39:38: Compiler error: unknown error in example_030.pu(36): token class, renderer, unrecognized.
16:39:38: ParticleUniverse: Particle System Template 'example_030' registered
16:39:38: Texture: pu_beam_01.png: Loading 1 faces(PF_R8G8B8,128x1x1) Internal format is PF_X8R8G8B8,128x1x1.
16:39:38: Parsing script example_031.pu
16:39:38: Compiler error: unknown error in example_031.pu(1): token class, system, unrecognized.
16:39:38: Compiler error: unknown error in example_031.pu(12): token class, renderer, unrecognized.
16:39:38: ParticleUniverse: Particle System Template 'example_031' registered
16:39:38: Texture: pu_sand_336x330.png: Loading 1 faces(PF_A8R8G8B8,336x330x1) with 5 generated mipmaps from Image. Internal format is PF_A8R8G8B8,336x330x1.
16:39:38: Parsing script example_032.pu
16:39:38: Compiler error: unknown error in example_032.pu(1): token class, system, unrecognized.
16:39:38: Compiler error: unknown error in example_032.pu(10): token class, renderer, unrecognized.
16:39:38: Compiler error: unknown error in example_032.pu(17): token class, time_to_live, unrecognized.
16:39:38: Compiler error: unknown error in example_032.pu(22): token class, velocity, unrecognized.
16:39:38: Compiler error: unknown error in example_032.pu(41): token class, xyz_scale, unrecognized.
16:39:38: Compiler error: unknown error in example_032.pu(53): token class, renderer, unrecognized.
16:39:38: Compiler error: unknown error in example_032.pu(65): token class, observer, unrecognized.
16:39:38: Compiler error: unknown error in example_032.pu(68): token class, handler, unrecognized.
16:39:38: ParticleUniverse: Particle System Template 'example_032' registered
16:39:38: Texture: pu_smoke_brown_336x330.png: Loading 1 faces(PF_A8R8G8B8,336x330x1) with 5 generated mipmaps from Image. Internal format is PF_A8R8G8B8,336x330x1.
16:39:38: Parsing script explosionSystem.pu
16:39:38: Compiler error: unknown error in explosionSystem.pu(1): token class, system, unrecognized.
16:39:38: Compiler error: unknown error in explosionSystem.pu(9): token class, renderer, unrecognized.
16:39:38: Compiler error: unknown error in explosionSystem.pu(31): token class, observer, unrecognized.
16:39:38: Compiler error: unknown error in explosionSystem.pu(33): token class, handler, unrecognized.
16:39:38: Compiler error: unknown error in explosionSystem.pu(45): token class, renderer, unrecognized.
16:39:38: Compiler error: unknown error in explosionSystem.pu(62): token class, observer, unrecognized.
16:39:38: Compiler error: unknown error in explosionSystem.pu(64): token class, handler, unrecognized.
16:39:38: Compiler error: unknown error in explosionSystem.pu(77): token class, renderer, unrecognized.
16:39:38: Compiler error: unknown error in explosionSystem.pu(97): token class, rotation, unrecognized.
16:39:38: Compiler error: unknown error in explosionSystem.pu(102): token class, rotation_speed, unrecognized.
16:39:38: Compiler error: unknown error in explosionSystem.pu(116): token class, renderer, unrecognized.
16:39:38: Compiler error: unknown error in explosionSystem.pu(125): token class, velocity, unrecognized.
16:39:38: Compiler error: unknown error in explosionSystem.pu(131): token class, particle_height, unrecognized.
16:39:38: Compiler error: unknown error in explosionSystem.pu(149): token class, observer, unrecognized.
16:39:38: Compiler error: unknown error in explosionSystem.pu(151): token class, handler, unrecognized.
16:39:38: ParticleUniverse: Particle System Template 'explosionSystem' registered
16:39:38: Texture: pu_fire_01_64x64.png: Loading 1 faces(PF_R8G8B8,64x64x1) Internal format is PF_X8R8G8B8,64x64x1.
16:39:38: Parsing script fireSystem.pu
16:39:38: Compiler error: unknown error in fireSystem.pu(1): token class, system, unrecognized.
16:39:38: Compiler error: unknown error in fireSystem.pu(9): token class, renderer, unrecognized.
16:39:38: Compiler error: unknown error in fireSystem.pu(17): token class, time_to_live, unrecognized.
16:39:38: Compiler error: unknown error in fireSystem.pu(22): token class, velocity, unrecognized.
16:39:38: Compiler error: unknown error in fireSystem.pu(48): token class, renderer, unrecognized.
16:39:38: Compiler error: unknown error in fireSystem.pu(54): token class, time_to_live, unrecognized.
16:39:38: Compiler error: unknown error in fireSystem.pu(59): token class, velocity, unrecognized.
16:39:38: ParticleUniverse: Particle System Template 'fireSystem' registered
16:39:38: Texture: pu_flame.png: Loading 1 faces(PF_R8G8B8,64x64x1) Internal format is PF_X8R8G8B8,64x64x1.
16:39:38: Parsing script flameSystem.pu
16:39:38: Compiler error: unknown error in flameSystem.pu(1): token class, system, unrecognized.
16:39:38: Compiler error: unknown error in flameSystem.pu(11): token class, renderer, unrecognized.
16:39:38: Compiler error: unknown error in flameSystem.pu(19): token class, time_to_live, unrecognized.
16:39:38: Compiler error: unknown error in flameSystem.pu(24): token class, velocity, unrecognized.
16:39:38: Compiler error: unknown error in flameSystem.pu(37): token class, time_to_live, unrecognized.
16:39:38: Compiler error: unknown error in flameSystem.pu(42): token class, mass, unrecognized.
16:39:38: Compiler error: unknown error in flameSystem.pu(47): token class, velocity, unrecognized.
16:39:38: ParticleUniverse: Particle System Template 'flameSystem' registered
16:39:38: Parsing script fxPression.pu
16:39:38: Compiler error: unknown error in fxPression.pu(1): token class, system, unrecognized.
16:39:38: Compiler error: unknown error in fxPression.pu(9): token class, renderer, unrecognized.
16:39:38: Compiler error: unknown error in fxPression.pu(17): token class, velocity, unrecognized.
16:39:38: Compiler error: unknown error in fxPression.pu(39): token class, renderer, unrecognized.
16:39:38: Compiler error: unknown error in fxPression.pu(58): token class, observer, unrecognized.
16:39:38: Compiler error: unknown error in fxPression.pu(60): token class, handler, unrecognized.
16:39:38: Compiler error: unknown error in fxPression.pu(64): token class, handler, unrecognized.
16:39:38: Compiler error: unknown error in fxPression.pu(79): token class, renderer, unrecognized.
16:39:38: Compiler error: unknown error in fxPression.pu(94): token class, velocity, unrecognized.
16:39:38: Compiler error: unknown error in fxPression.pu(109): token class, rotation_speed, unrecognized.
16:39:38: ParticleUniverse: Particle System Template 'fxPression' registered
16:39:38: Texture: pu_plate.jpg: Loading 1 faces(PF_R8G8B8,300x225x1) with 5 generated mipmaps from Image. Internal format is PF_X8R8G8B8,300x225x1.
16:39:38: Mesh: Loading fxpression.mesh.
16:39:38: WARNING: fxpression.mesh is an older format ([MeshSerializer_v1.40]); you should upgrade it as soon as possible using the OgreMeshUpgrade tool.
16:39:38: Parsing script mp_torch.pu
16:39:38: Compiler error: unknown error in mp_torch.pu(1): token class, system, unrecognized.
16:39:38: Compiler error: unknown error in mp_torch.pu(8): token class, renderer, unrecognized.
16:39:38: Compiler error: unknown error in mp_torch.pu(17): token class, time_to_live, unrecognized.
16:39:38: Compiler error: unknown error in mp_torch.pu(22): token class, velocity, unrecognized.
16:39:38: Compiler error: unknown error in mp_torch.pu(27): token class, all_particle_dimensions, unrecognized.
16:39:38: Compiler error: unknown error in mp_torch.pu(43): token class, x_scale, unrecognized.
16:39:38: Compiler error: unknown error in mp_torch.pu(49): token class, y_scale, unrecognized.
16:39:38: ParticleUniverse: Particle System Template 'mp_torch' registered
16:39:38: D3D9 : Loading 2D Texture, image name : 'mp_fire_02_2x2.dds' with 5 mip map levels
16:39:38: Parsing script physXFluid.pu
16:39:38: Compiler error: unknown error in physXFluid.pu(1): token class, system, unrecognized.
16:39:38: Compiler error: unknown error in physXFluid.pu(12): token class, renderer, unrecognized.
16:39:38: Compiler error: unknown error in physXFluid.pu(25): token class, extern, unrecognized.
16:39:38: Compiler error: unknown error in physXFluid.pu(42): token class, renderer, unrecognized.
16:39:38: Compiler error: unknown error in physXFluid.pu(53): token class, extern, unrecognized.
16:39:38: Compiler error: unknown error in physXFluid.pu(55): token class, physx_shape, unrecognized.
16:39:38: ParticleUniverse: Particle System Template 'physXFluid' registered
16:39:38: Compiler error: invalid parameters in physXFluid.pu(25)
16:39:38: Compiler error: invalid parameters in physXFluid.pu(53)
16:39:38: Parsing script physXParticles.pu
16:39:38: Compiler error: unknown error in physXParticles.pu(1): token class, system, unrecognized.
16:39:38: Compiler error: unknown error in physXParticles.pu(9): token class, renderer, unrecognized.
16:39:38: Compiler error: unknown error in physXParticles.pu(17): token class, all_particle_dimensions, unrecognized.
16:39:38: Compiler error: unknown error in physXParticles.pu(29): token class, observer, unrecognized.
16:39:38: Compiler error: unknown error in physXParticles.pu(31): token class, handler, unrecognized.
16:39:38: Compiler error: unknown error in physXParticles.pu(37): token class, extern, unrecognized.
16:39:38: Compiler error: unknown error in physXParticles.pu(40): token class, physx_shape, unrecognized.
16:39:38: Compiler error: unknown error in physXParticles.pu(54): token class, renderer, unrecognized.
16:39:38: ParticleUniverse: Particle System Template 'physXParticles' registered
16:39:38: Compiler error: invalid parameters in physXParticles.pu(37)
16:39:38: Parsing script rainSystem_1.pu
16:39:38: Compiler error: unknown error in rainSystem_1.pu(1): token class, system, unrecognized.
16:39:38: Compiler error: unknown error in rainSystem_1.pu(11): token class, renderer, unrecognized.
16:39:38: Compiler error: unknown error in rainSystem_1.pu(28): token class, observer, unrecognized.
16:39:38: Compiler error: unknown error in rainSystem_1.pu(30): token class, handler, unrecognized.
16:39:38: Compiler error: unknown error in rainSystem_1.pu(34): token class, handler, unrecognized.
16:39:38: Compiler error: unknown error in rainSystem_1.pu(38): token class, handler, unrecognized.
16:39:38: Compiler error: unknown error in rainSystem_1.pu(49): token class, renderer, unrecognized.
16:39:38: Compiler error: unknown error in rainSystem_1.pu(59): token class, time_to_live, unrecognized.
16:39:38: Compiler error: unknown error in rainSystem_1.pu(77): token class, renderer, unrecognized.
16:39:38: Compiler error: unknown error in rainSystem_1.pu(83): token class, time_to_live, unrecognized.
16:39:38: Compiler error: unknown error in rainSystem_1.pu(95): token class, velocity, unrecognized.
16:39:38: Compiler error: unknown error in rainSystem_1.pu(105): token class, observer, unrecognized.
16:39:38: Compiler error: unknown error in rainSystem_1.pu(107): token class, handler, unrecognized.
16:39:38: ParticleUniverse: Particle System Template 'rainSystem_1' registered
16:39:38: Texture: pu_rain_01.png: Loading 1 faces(PF_L16,32x1050x1) with 5 generated mipmaps from Image. Internal format is PF_L16,32x1050x1.
16:39:38: Texture: pu_circle.png: Loading 1 faces(PF_A8R8G8B8,64x64x1) Internal format is PF_A8R8G8B8,64x64x1.
16:39:38: Parsing script rainSystem_2.pu
16:39:38: Compiler error: unknown error in rainSystem_2.pu(1): token class, system, unrecognized.
16:39:38: Compiler error: unknown error in rainSystem_2.pu(11): token class, renderer, unrecognized.
16:39:38: Compiler error: unknown error in rainSystem_2.pu(28): token class, observer, unrecognized.
16:39:38: Compiler error: unknown error in rainSystem_2.pu(30): token class, handler, unrecognized.
16:39:38: Compiler error: unknown error in rainSystem_2.pu(41): token class, renderer, unrecognized.
16:39:38: Compiler error: unknown error in rainSystem_2.pu(51): token class, time_to_live, unrecognized.
16:39:38: Compiler error: unknown error in rainSystem_2.pu(74): token class, renderer, unrecognized.
16:39:38: Compiler error: unknown error in rainSystem_2.pu(80): token class, time_to_live, unrecognized.
16:39:38: Compiler error: unknown error in rainSystem_2.pu(95): token class, velocity, unrecognized.
16:39:38: Compiler error: unknown error in rainSystem_2.pu(105): token class, observer, unrecognized.
16:39:38: Compiler error: unknown error in rainSystem_2.pu(107): token class, handler, unrecognized.
16:39:38: ParticleUniverse: Particle System Template 'rainSystem_2' registered
16:39:38: Parsing script snow.pu
16:39:38: Compiler error: unknown error in snow.pu(1): token class, system, unrecognized.
16:39:38: Compiler error: unknown error in snow.pu(9): token class, renderer, unrecognized.
16:39:38: Compiler error: unknown error in snow.pu(16): token class, angle, unrecognized.
16:39:38: Compiler error: unknown error in snow.pu(22): token class, velocity, unrecognized.
16:39:38: Compiler error: unknown error in snow.pu(27): token class, all_particle_dimensions, unrecognized.
16:39:38: Compiler error: unknown error in snow.pu(48): token class, observer, unrecognized.
16:39:38: Compiler error: unknown error in snow.pu(51): token class, handler, unrecognized.
16:39:38: Compiler error: unknown error in snow.pu(55): token class, handler, unrecognized.
16:39:38: Compiler error: unknown error in snow.pu(60): token class, observer, unrecognized.
16:39:38: Compiler error: unknown error in snow.pu(63): token class, handler, unrecognized.
16:39:38: Compiler error: unknown error in snow.pu(67): token class, handler, unrecognized.
16:39:38: Compiler error: unknown error in snow.pu(73): token class, observer, unrecognized.
16:39:38: Compiler error: unknown error in snow.pu(75): token class, handler, unrecognized.
16:39:38: Compiler error: unknown error in snow.pu(79): token class, handler, unrecognized.
16:39:38: Compiler error: unknown error in snow.pu(91): token class, renderer, unrecognized.
16:39:38: ParticleUniverse: Particle System Template 'snow' registered
16:39:38: Parsing script tornadoSystem.pu
16:39:38: Compiler error: unknown error in tornadoSystem.pu(1): token class, system, unrecognized.
16:39:38: Compiler error: unknown error in tornadoSystem.pu(10): token class, renderer, unrecognized.
16:39:38: Compiler error: unknown error in tornadoSystem.pu(34): token class, xyz_scale, unrecognized.
16:39:38: Compiler error: unknown error in tornadoSystem.pu(45): token class, renderer, unrecognized.
16:39:38: Compiler error: unknown error in tornadoSystem.pu(53): token class, velocity, unrecognized.
16:39:38: Compiler error: unknown error in tornadoSystem.pu(58): token class, duration, unrecognized.
16:39:38: Compiler error: unknown error in tornadoSystem.pu(63): token class, repeat_delay, unrecognized.
16:39:38: Compiler error: unknown error in tornadoSystem.pu(68): token class, all_particle_dimensions, unrecognized.
16:39:38: Compiler error: unknown error in tornadoSystem.pu(88): token class, rotation_speed, unrecognized.
16:39:38: ParticleUniverse: Particle System Template 'tornadoSystem' registered
16:39:38: Texture: pu_stone.jpeg: Loading 1 faces(PF_R8G8B8,480x360x1) with 5 generated mipmaps from Image. Internal format is PF_X8R8G8B8,480x360x1.
16:39:38: Parsing script windyFireSystem.pu
16:39:38: Compiler error: unknown error in windyFireSystem.pu(1): token class, system, unrecognized.
16:39:38: Compiler error: unknown error in windyFireSystem.pu(9): token class, renderer, unrecognized.
16:39:38: Compiler error: unknown error in windyFireSystem.pu(17): token class, time_to_live, unrecognized.
16:39:38: Compiler error: unknown error in windyFireSystem.pu(22): token class, velocity, unrecognized.
16:39:38: Compiler error: unknown error in windyFireSystem.pu(47): token class, observer, unrecognized.
16:39:38: Compiler error: unknown error in windyFireSystem.pu(50): token class, handler, unrecognized.
16:39:38: Compiler error: unknown error in windyFireSystem.pu(54): token class, handler, unrecognized.
16:39:38: Compiler error: unknown error in windyFireSystem.pu(58): token class, handler, unrecognized.
16:39:38: Compiler error: unknown error in windyFireSystem.pu(62): token class, handler, unrecognized.
16:39:38: Compiler error: unknown error in windyFireSystem.pu(68): token class, observer, unrecognized.
16:39:38: Compiler error: unknown error in windyFireSystem.pu(71): token class, handler, unrecognized.
16:39:38: Compiler error: unknown error in windyFireSystem.pu(75): token class, handler, unrecognized.
16:39:38: Compiler error: unknown error in windyFireSystem.pu(79): token class, handler, unrecognized.
16:39:38: Compiler error: unknown error in windyFireSystem.pu(83): token class, handler, unrecognized.
16:39:38: ParticleUniverse: Particle System Template 'windyFire' registered
16:39:38: Finished parsing scripts for resource group General
16:39:38: Creating resources for group General
16:39:38: All done
16:39:38: Parsing scripts for resource group Internal
16:39:38: Finished parsing scripts for resource group Internal
16:39:38: Creating resources for group Internal
16:39:38: All done
16:39:38: Mesh: Loading Sinbad.mesh.
16:39:38: Skeleton: Loading Sinbad.skeleton
16:39:38: WARNING: Sinbad.mesh is an older format ([MeshSerializer_v1.40]); you should upgrade it as soon as possible using the OgreMeshUpgrade tool.
16:39:38: Texture: sinbad_body.tga: Loading 1 faces(PF_R8G8B8,512x512x1) Internal format is PF_X8R8G8B8,512x512x1.
16:39:38: Texture: sinbad_clothes.tga: Loading 1 faces(PF_R8G8B8,512x512x1) Internal format is PF_X8R8G8B8,512x512x1.
16:39:38: Texture: sinbad_sword.tga: Loading 1 faces(PF_R8G8B8,256x256x1) Internal format is PF_X8R8G8B8,256x256x1.
16:39:38: WARNING: the mesh 'Sinbad.mesh' includes vertices with more than 4 bone assignments. The lowest weighted assignments beyond this limit have been removed, so your animation may look slightly different. To eliminate this, reduce the number of bone assignments per vertex on your mesh to 4.
16:39:38: Creating swords
16:39:38: Mesh: Loading Sword.mesh.
16:39:38: WARNING: Sword.mesh is an older format ([MeshSerializer_v1.40]); you should upgrade it as soon as possible using the OgreMeshUpgrade tool.
16:39:38: Creating the chains
16:39:38: Can't assign material Examples/LightRibbonTrail to BillboardChain Ogre/MO1 because this Material does not exist. Have you forgotten to define it in a .material script?
16:39:38: Mesh: Loading grid.mesh.
16:39:38: Mesh: Loading .mesh.
16:39:38: WARNING: .mesh is an older format ([MeshSerializer_v1.41]); you should upgrade it as soon as possible using the OgreMeshUpgrade tool.
16:39:39: Mesh: Loading pointor.mesh.
16:39:39: Can't assign material NoMaterial to SubEntity of Ogre/MO4 because this Material does not exist. Have you forgotten to define it in a .material script?
16:39:39: Can't assign material NoMaterial to SubEntity of Ogre/MO5 because this Material does not exist. Have you forgotten to define it in a .material script?
16:39:39: Can't assign material NoMaterial to SubEntity of Ogre/MO6 because this Material does not exist. Have you forgotten to define it in a .material script?
16:39:39: Mesh: Loading cube.mesh.
16:39:39: Mesh: Loading sphere.mesh.
16:39:39: WARNING: sphere.mesh is an older format ([MeshSerializer_v1.41]); you should upgrade it as soon as possible using the OgreMeshUpgrade tool.
16:39:39: Texture: Girl_Diffuse.png: Loading 1 faces(PF_A8R8G8B8,1024x512x1) Internal format is PF_A8R8G8B8,1024x512x1.
16:39:39: Mesh: Loading RotationRingVisible.mesh.
16:39:39: WARNING: RotationRingVisible.mesh is an older format ([MeshSerializer_v1.40]); you should upgrade it as soon as possible using the OgreMeshUpgrade tool.
16:39:39: Can't assign material OgreSE/TransparentWhiteMat to SubEntity of RotionPointorX because this Material does not exist. Have you forgotten to define it in a .material script?
16:39:39: Can't assign material OgreSE/TransparentWhiteMat to SubEntity of RotionPointorY because this Material does not exist. Have you forgotten to define it in a .material script?
16:39:39: Can't assign material OgreSE/TransparentWhiteMat to SubEntity of RotionPointorZ because this Material does not exist. Have you forgotten to define it in a .material script?
16:39:39: Mesh: Loading RotationRingCollision.mesh.
16:39:39: WARNING: RotationRingCollision.mesh is an older format ([MeshSerializer_v1.40]); you should upgrade it as soon as possible using the OgreMeshUpgrade tool.
16:39:39: Can't assign material ManipulatorHandlesRedMat to SubEntity of RotionCollisionX because this Material does not exist. Have you forgotten to define it in a .material script?
16:39:39: Can't assign material ManipulatorHandlesRedMat to SubEntity of RotionCollisionY because this Material does not exist. Have you forgotten to define it in a .material script?
16:39:39: Can't assign material ManipulatorHandlesRedMat to SubEntity of RotionCollisionZ because this Material does not exist. Have you forgotten to define it in a .material script?
16:39:39: Can't assign material NoMaterial to SubEntity of Ogre/MO8 because this Material does not exist. Have you forgotten to define it in a .material script?
16:39:39: Can't assign material NoMaterial to SubEntity of Ogre/MO9 because this Material does not exist. Have you forgotten to define it in a .material script?
16:39:39: Can't assign material NoMaterial to SubEntity of Ogre/MO10 because this Material does not exist. Have you forgotten to define it in a .material script?
16:39:39: Mesh: Loading pointLight.mesh.
16:39:39: WARNING: pointLight.mesh is an older format ([MeshSerializer_v1.41]); you should upgrade it as soon as possible using the OgreMeshUpgrade tool.
16:39:39: Can't assign material lambert1 to SubEntity of Ogre/MO11 because this Material does not exist. Have you forgotten to define it in a .material script?
16:39:39: D3D9RenderSystem::_createRenderWindow "mini Window", 270x118 windowed  miscParams: externalWindowHandle=2034254 
16:39:39: D3D9 : Created D3D9 Rendering Window 'mini Window' : 270x118, 32bpp
16:39:39: D3D9 : WARNING - disabling VSync in windowed mode can cause timing issues at lower frame rates, turn VSync on if you observe this problem.
16:39:39: D3D9 : WARNING - disabling VSync in windowed mode can cause timing issues at lower frame rates, turn VSync on if you observe this problem.
16:39:39: D3D9: Vertex texture format supported - PF_L8
16:39:39: D3D9: Vertex texture format supported - PF_L16
16:39:39: D3D9: Vertex texture format supported - PF_A8
16:39:39: D3D9: Vertex texture format supported - PF_A4L4
16:39:39: D3D9: Vertex texture format supported - PF_BYTE_LA
16:39:39: D3D9: Vertex texture format supported - PF_R5G6B5
16:39:39: D3D9: Vertex texture format supported - PF_B5G6R5
16:39:39: D3D9: Vertex texture format supported - PF_A4R4G4B4
16:39:39: D3D9: Vertex texture format supported - PF_A1R5G5B5
16:39:39: D3D9: Vertex texture format supported - PF_A8R8G8B8
16:39:39: D3D9: Vertex texture format supported - PF_B8G8R8A8
16:39:39: D3D9: Vertex texture format supported - PF_A2R10G10B10
16:39:39: D3D9: Vertex texture format supported - PF_A2B10G10R10
16:39:39: D3D9: Vertex texture format supported - PF_DXT1
16:39:39: D3D9: Vertex texture format supported - PF_DXT2
16:39:39: D3D9: Vertex texture format supported - PF_DXT3
16:39:39: D3D9: Vertex texture format supported - PF_DXT4
16:39:39: D3D9: Vertex texture format supported - PF_DXT5
16:39:39: D3D9: Vertex texture format supported - PF_FLOAT16_RGB
16:39:39: D3D9: Vertex texture format supported - PF_FLOAT16_RGBA
16:39:39: D3D9: Vertex texture format supported - PF_FLOAT32_RGB
16:39:39: D3D9: Vertex texture format supported - PF_FLOAT32_RGBA
16:39:39: D3D9: Vertex texture format supported - PF_X8R8G8B8
16:39:39: D3D9: Vertex texture format supported - PF_X8B8G8R8
16:39:39: D3D9: Vertex texture format supported - PF_R8G8B8A8
16:39:39: D3D9: Vertex texture format supported - PF_DEPTH
16:39:39: D3D9: Vertex texture format supported - PF_SHORT_RGBA
16:39:39: D3D9: Vertex texture format supported - PF_FLOAT16_R
16:39:39: D3D9: Vertex texture format supported - PF_FLOAT32_R
16:39:39: D3D9: Vertex texture format supported - PF_SHORT_GR
16:39:39: D3D9: Vertex texture format supported - PF_FLOAT16_GR
16:39:39: D3D9: Vertex texture format supported - PF_FLOAT32_GR
16:39:39: D3D9: Vertex texture format supported - PF_SHORT_RGB
16:39:39: D3D9: Vertex texture format supported - PF_PVRTC_RGB2
16:39:39: D3D9: Vertex texture format supported - PF_PVRTC_RGBA2
16:39:39: D3D9: Vertex texture format supported - PF_PVRTC_RGB4
16:39:39: D3D9: Vertex texture format supported - PF_PVRTC_RGBA4
16:39:39: D3D9: Vertex texture format supported - PF_R8
16:39:39: D3D9: Vertex texture format supported - PF_RG8
16:39:39: Texture: spot_shadow_fade.png: Loading 1 faces(PF_R8G8B8,128x128x1) Internal format is PF_X8R8G8B8,128x128x1.
16:39:47: Added resource location 'D:/ogre/OgreSDK_vc10_v1-9-0/work/Thebeging/SceneEditor/bin/media/materials/textures/Terrain/' of type 'FileSystem' to resource group 'ET' with recursive option
16:39:47: Initialising resource group ET
16:39:49: Added resource location 'D:/ogre/OgreSDK_vc10_v1-9-0/work/Thebeging/SceneEditor/bin/media/materials/textures/Terrain/' of type 'FileSystem' to resource group 'ET' with recursive option
16:39:49: Initialising resource group ET
16:39:50: OGRE EXCEPTION(6:FileNotFoundException): Cannot locate resource ETSplatting1 in resource group ET or any other group. in ResourceGroupManager::openResource at ..\..\..\..\OgreMain\src\OgreResourceGroupManager.cpp (line 756)
16:39:50: Error loading texture ETSplatting1. Texture layer will be blank. Loading the texture failed with the following exception: OGRE EXCEPTION(6:FileNotFoundException): Cannot locate resource ETSplatting1 in resource group ET or any other group. in ResourceGroupManager::openResource at ..\..\..\..\OgreMain\src\OgreResourceGroupManager.cpp (line 756)
16:39:50: OGRE EXCEPTION(6:FileNotFoundException): Cannot locate resource ETSplatting1 in resource group ET or any other group. in ResourceGroupManager::openResource at ..\..\..\..\OgreMain\src\OgreResourceGroupManager.cpp (line 756)
16:39:50: Error loading texture ETSplatting1. Texture layer will be blank. Loading the texture failed with the following exception: OGRE EXCEPTION(6:FileNotFoundException): Cannot locate resource ETSplatting1 in resource group ET or any other group. in ResourceGroupManager::openResource at ..\..\..\..\OgreMain\src\OgreResourceGroupManager.cpp (line 756)
16:39:50: Texture: splatting0.png: Loading 1 faces(PF_R8G8B8,512x512x1) Internal format is PF_X8R8G8B8,512x512x1.
16:39:50: Texture: splatting2.png: Loading 1 faces(PF_R8G8B8,512x512x1) Internal format is PF_X8R8G8B8,512x512x1.
16:39:50: Texture: splatting3.png: Loading 1 faces(PF_R8G8B8,512x512x1) Internal format is PF_X8R8G8B8,512x512x1.
16:39:50: Texture: splatting1.png: Loading 1 faces(PF_R8G8B8,512x512x1) Internal format is PF_X8R8G8B8,512x512x1.
16:39:50: Texture: splatting4.png: Loading 1 faces(PF_R8G8B8,512x512x1) Internal format is PF_X8R8G8B8,512x512x1.
16:39:50: Texture: splatting5.png: Loading 1 faces(PF_R8G8B8,512x512x1) Internal format is PF_X8R8G8B8,512x512x1.
16:40:44: D3D9 Device 0x[0A8125E0] entered lost state
16:40:44: D3D9 : WARNING - disabling VSync in windowed mode can cause timing issues at lower frame rates, turn VSync on if you observe this problem.
16:40:44: D3D9 : WARNING - disabling VSync in windowed mode can cause timing issues at lower frame rates, turn VSync on if you observe this problem.
16:40:44: !!! Direct3D Device successfully restored.
16:40:44: D3D9 device: 0x[0A8125E0] was reset
16:40:49: D3D9 Device 0x[0A8125E0] entered lost state
16:40:49: D3D9 : WARNING - disabling VSync in windowed mode can cause timing issues at lower frame rates, turn VSync on if you observe this problem.
16:40:49: D3D9 : WARNING - disabling VSync in windowed mode can cause timing issues at lower frame rates, turn VSync on if you observe this problem.
16:40:49: !!! Direct3D Device successfully restored.
16:40:49: D3D9 device: 0x[0A8125E0] was reset
16:40:51: D3D9 Device 0x[0A8125E0] entered lost state
16:40:51: D3D9 : WARNING - disabling VSync in windowed mode can cause timing issues at lower frame rates, turn VSync on if you observe this problem.
16:40:51: D3D9 : WARNING - disabling VSync in windowed mode can cause timing issues at lower frame rates, turn VSync on if you observe this problem.
16:40:51: !!! Direct3D Device successfully restored.
16:40:51: D3D9 device: 0x[0A8125E0] was reset
16:40:57: D3D9 Device 0x[0A8125E0] entered lost state
16:40:57: D3D9 : WARNING - disabling VSync in windowed mode can cause timing issues at lower frame rates, turn VSync on if you observe this problem.
16:40:57: D3D9 : WARNING - disabling VSync in windowed mode can cause timing issues at lower frame rates, turn VSync on if you observe this problem.
16:40:57: !!! Direct3D Device successfully restored.
16:40:57: D3D9 device: 0x[0A8125E0] was reset
16:41:01: D3D9 Device 0x[0A8125E0] entered lost state
16:41:01: D3D9 : WARNING - disabling VSync in windowed mode can cause timing issues at lower frame rates, turn VSync on if you observe this problem.
16:41:01: D3D9 : WARNING - disabling VSync in windowed mode can cause timing issues at lower frame rates, turn VSync on if you observe this problem.
16:41:01: !!! Direct3D Device successfully restored.
16:41:01: D3D9 device: 0x[0A8125E0] was reset
16:41:09: D3D9 Device 0x[0A8125E0] entered lost state
16:41:09: D3D9 : WARNING - disabling VSync in windowed mode can cause timing issues at lower frame rates, turn VSync on if you observe this problem.
16:41:09: D3D9 : WARNING - disabling VSync in windowed mode can cause timing issues at lower frame rates, turn VSync on if you observe this problem.
16:41:09: !!! Direct3D Device successfully restored.
16:41:09: D3D9 device: 0x[0A8125E0] was reset
